<?xml version="1.0" encoding="UTF-8"?>
<testsuite name="Test with firefox"
           tests="108"
           failures="18"
           errors="0"
           skipped="0"
           time="197,064">
  <properties />
            <testcase name="TC01_Check_Validate_Name_Tour_Is_Null" time="21,164" classname="Testcase.Business.Tour.Tab_Tour_Information.CheckValidation_Tour_Information_01">
                <failure type="org.openqa.selenium.TimeoutException"
                  message="Expected condition failed: waiting for visibility of element located by By.xpath: //div[@id=&apos;tour-information&apos;]//input[@name =&apos;tv151&apos;]/following-sibling::div[contains(@class,&apos;invalid-feedback&apos;)] (tried for 20 second(s) with 500 milliseconds interval)"
              >
<![CDATA[org.openqa.selenium.TimeoutException: Expected condition failed: waiting for visibility of element located by By.xpath: //div[@id='tour-information']//input[@name ='tv151']/following-sibling::div[contains(@class,'invalid-feedback')] (tried for 20 second(s) with 500 milliseconds interval)
  org.openqa.selenium.support.ui.WebDriverWait.timeoutException(WebDriverWait.java:95)
  org.openqa.selenium.support.ui.FluentWait.until(FluentWait.java:272)
  Common.HelperFunction.AbstractPage.waitElementToVisible(AbstractPage.java:666)
  Project.Business.Tour.Management.Detail.TourInfoTabPO.checkAlertOnFiledIsDisplay(TourInfoTabPO.java:266)
  Testcase.Business.Tour.Tab_Tour_Information.CheckValidation_Tour_Information_01.TC01_Check_Validate_Name_Tour_Is_Null(CheckValidation_Tour_Information.java:119)
  java.base/jdk.internal.reflect.NativeMethodAccessorImpl.invoke0(Native Method)
  java.base/jdk.internal.reflect.NativeMethodAccessorImpl.invoke(NativeMethodAccessorImpl.java:64)
  java.base/jdk.internal.reflect.DelegatingMethodAccessorImpl.invoke(DelegatingMethodAccessorImpl.java:43)
  java.base/java.lang.reflect.Method.invoke(Method.java:564)
  org.testng.internal.MethodInvocationHelper.invokeMethod(MethodInvocationHelper.java:86)
  org.testng.internal.Invoker.invokeMethod(Invoker.java:643)
  org.testng.internal.Invoker.invokeTestMethod(Invoker.java:820)
  org.testng.internal.Invoker.invokeTestMethods(Invoker.java:1128)
  org.testng.internal.TestMethodWorker.invokeTestMethods(TestMethodWorker.java:129)
  org.testng.internal.TestMethodWorker.run(TestMethodWorker.java:112)
  org.testng.TestRunner.privateRun(TestRunner.java:782)
  org.testng.TestRunner.run(TestRunner.java:632)
  org.testng.SuiteRunner.runTest(SuiteRunner.java:366)
  org.testng.SuiteRunner.runSequentially(SuiteRunner.java:361)
  org.testng.SuiteRunner.privateRun(SuiteRunner.java:319)
  org.testng.SuiteRunner.run(SuiteRunner.java:268)
  org.testng.SuiteRunnerWorker.runSuite(SuiteRunnerWorker.java:52)
  org.testng.SuiteRunnerWorker.run(SuiteRunnerWorker.java:86)
  org.testng.TestNG.runSuitesSequentially(TestNG.java:1244)
  org.testng.TestNG.runSuitesLocally(TestNG.java:1169)
  org.testng.TestNG.run(TestNG.java:1064)
  com.intellij.rt.testng.IDEARemoteTestNG.run(IDEARemoteTestNG.java:66)
  com.intellij.rt.testng.RemoteTestNGStarter.main(RemoteTestNGStarter.java:110)
Caused by: org.openqa.selenium.NoSuchElementException: no such element: Unable to locate element: {"method":"xpath","selector":"//div[@id='tour-information']//input[@name ='tv151']/following-sibling::div[contains(@class,'invalid-feedback')]"}
  (Session info: chrome=86.0.4240.75)
For documentation on this error, please visit: https://www.seleniumhq.org/exceptions/no_such_element.html
Build info: version: '3.141.59', revision: 'e82be7d358', time: '2018-11-14T08:17:03'
System info: host: 'DESKTOP-6QLQCIM', ip: '10.0.2.190', os.name: 'Windows 10', os.arch: 'amd64', os.version: '10.0', java.version: '15'
Driver info: org.openqa.selenium.chrome.ChromeDriver
Capabilities {acceptInsecureCerts: false, browserName: chrome, browserVersion: 86.0.4240.75, chrome: {chromedriverVersion: 86.0.4240.22 (398b0743353ff..., userDataDir: C:\Users\F3-TRUC\AppData\Lo...}, goog:chromeOptions: {debuggerAddress: localhost:56504}, javascriptEnabled: true, networkConnectionEnabled: false, pageLoadStrategy: normal, platform: WINDOWS, platformName: WINDOWS, proxy: Proxy(), setWindowRect: true, strictFileInteractability: false, timeouts: {implicit: 0, pageLoad: 300000, script: 30000}, unhandledPromptBehavior: dismiss and notify, webauthn:virtualAuthenticators: true}
Session ID: 1eba6862d260602342611503edba5122
*** Element info: {Using=xpath, value=//div[@id='tour-information']//input[@name ='tv151']/following-sibling::div[contains(@class,'invalid-feedback')]}
  jdk.internal.reflect.GeneratedConstructorAccessor10.newInstance(Unknown Source)
  java.base/jdk.internal.reflect.DelegatingConstructorAccessorImpl.newInstance(DelegatingConstructorAccessorImpl.java:45)
  java.base/java.lang.reflect.Constructor.newInstanceWithCaller(Constructor.java:500)
  java.base/java.lang.reflect.Constructor.newInstance(Constructor.java:481)
  org.openqa.selenium.remote.http.W3CHttpResponseCodec.createException(W3CHttpResponseCodec.java:187)
  org.openqa.selenium.remote.http.W3CHttpResponseCodec.decode(W3CHttpResponseCodec.java:122)
  org.openqa.selenium.remote.http.W3CHttpResponseCodec.decode(W3CHttpResponseCodec.java:49)
  org.openqa.selenium.remote.HttpCommandExecutor.execute(HttpCommandExecutor.java:158)
  org.openqa.selenium.remote.service.DriverCommandExecutor.execute(DriverCommandExecutor.java:83)
  org.openqa.selenium.remote.RemoteWebDriver.execute(RemoteWebDriver.java:552)
  org.openqa.selenium.remote.RemoteWebDriver.findElement(RemoteWebDriver.java:323)
  org.openqa.selenium.remote.RemoteWebDriver.findElementByXPath(RemoteWebDriver.java:428)
  org.openqa.selenium.By$ByXPath.findElement(By.java:353)
  org.openqa.selenium.remote.RemoteWebDriver.findElement(RemoteWebDriver.java:315)
  org.openqa.selenium.support.ui.ExpectedConditions$7.apply(ExpectedConditions.java:205)
  org.openqa.selenium.support.ui.ExpectedConditions$7.apply(ExpectedConditions.java:201)
  org.openqa.selenium.support.ui.FluentWait.until(FluentWait.java:249)
  Common.HelperFunction.AbstractPage.waitElementToVisible(AbstractPage.java:666)
  Project.Business.Tour.Management.Detail.TourInfoTabPO.checkAlertOnFiledIsDisplay(TourInfoTabPO.java:266)
  Testcase.Business.Tour.Tab_Tour_Information.CheckValidation_Tour_Information_01.TC01_Check_Validate_Name_Tour_Is_Null(CheckValidation_Tour_Information.java:119)
  java.base/jdk.internal.reflect.NativeMethodAccessorImpl.invoke0(Native Method)
  java.base/jdk.internal.reflect.NativeMethodAccessorImpl.invoke(NativeMethodAccessorImpl.java:64)
  java.base/jdk.internal.reflect.DelegatingMethodAccessorImpl.invoke(DelegatingMethodAccessorImpl.java:43)
  java.base/java.lang.reflect.Method.invoke(Method.java:564)
  org.testng.internal.MethodInvocationHelper.invokeMethod(MethodInvocationHelper.java:86)
  org.testng.internal.Invoker.invokeMethod(Invoker.java:643)
  org.testng.internal.Invoker.invokeTestMethod(Invoker.java:820)
  org.testng.internal.Invoker.invokeTestMethods(Invoker.java:1128)
  org.testng.internal.TestMethodWorker.invokeTestMethods(TestMethodWorker.java:129)
  org.testng.internal.TestMethodWorker.run(TestMethodWorker.java:112)
  org.testng.TestRunner.privateRun(TestRunner.java:782)
  org.testng.TestRunner.run(TestRunner.java:632)
  org.testng.SuiteRunner.runTest(SuiteRunner.java:366)
  org.testng.SuiteRunner.runSequentially(SuiteRunner.java:361)
  org.testng.SuiteRunner.privateRun(SuiteRunner.java:319)
  org.testng.SuiteRunner.run(SuiteRunner.java:268)
  org.testng.SuiteRunnerWorker.runSuite(SuiteRunnerWorker.java:52)
  org.testng.SuiteRunnerWorker.run(SuiteRunnerWorker.java:86)
  org.testng.TestNG.runSuitesSequentially(TestNG.java:1244)
  org.testng.TestNG.runSuitesLocally(TestNG.java:1169)
  org.testng.TestNG.run(TestNG.java:1064)
  com.intellij.rt.testng.IDEARemoteTestNG.run(IDEARemoteTestNG.java:66)
  com.intellij.rt.testng.RemoteTestNGStarter.main(RemoteTestNGStarter.java:110)
]]>
      </failure>

          </testcase>
            <testcase name="TC_Check_Short_Des_Is_Null" time="0,345" classname="Testcase.Business.Tour.Tab_Tour_Information.CheckValidation_Tour_Information_01">
                <failure type="java.lang.AssertionError"
                  message="expected [Mô tả ngắn là bắt buộc.] but found [Giới hạn tối thiểu của Mô tả ngắn là 3 kí tự]"
              >
<![CDATA[java.lang.AssertionError: expected [Mô tả ngắn là bắt buộc.] but found [Giới hạn tối thiểu của Mô tả ngắn là 3 kí tự]
  org.testng.Assert.fail(Assert.java:94)
  org.testng.Assert.failNotEquals(Assert.java:513)
  org.testng.Assert.assertEqualsImpl(Assert.java:135)
  org.testng.Assert.assertEquals(Assert.java:116)
  org.testng.Assert.assertEquals(Assert.java:179)
  Common.HelperFunction.AbstractTest.checkEquals(AbstractTest.java:159)
  Common.HelperFunction.AbstractTest.verifyEquals(AbstractTest.java:171)
  Testcase.Business.Tour.Tab_Tour_Information.CheckValidation_Tour_Information_01.TC_Check_Short_Des_Is_Null(CheckValidation_Tour_Information.java:1929)
  java.base/jdk.internal.reflect.NativeMethodAccessorImpl.invoke0(Native Method)
  java.base/jdk.internal.reflect.NativeMethodAccessorImpl.invoke(NativeMethodAccessorImpl.java:64)
  java.base/jdk.internal.reflect.DelegatingMethodAccessorImpl.invoke(DelegatingMethodAccessorImpl.java:43)
  java.base/java.lang.reflect.Method.invoke(Method.java:564)
  org.testng.internal.MethodInvocationHelper.invokeMethod(MethodInvocationHelper.java:86)
  org.testng.internal.Invoker.invokeMethod(Invoker.java:643)
  org.testng.internal.Invoker.invokeTestMethod(Invoker.java:820)
  org.testng.internal.Invoker.invokeTestMethods(Invoker.java:1128)
  org.testng.internal.TestMethodWorker.invokeTestMethods(TestMethodWorker.java:129)
  org.testng.internal.TestMethodWorker.run(TestMethodWorker.java:112)
  org.testng.TestRunner.privateRun(TestRunner.java:782)
  org.testng.TestRunner.run(TestRunner.java:632)
  org.testng.SuiteRunner.runTest(SuiteRunner.java:366)
  org.testng.SuiteRunner.runSequentially(SuiteRunner.java:361)
  org.testng.SuiteRunner.privateRun(SuiteRunner.java:319)
  org.testng.SuiteRunner.run(SuiteRunner.java:268)
  org.testng.SuiteRunnerWorker.runSuite(SuiteRunnerWorker.java:52)
  org.testng.SuiteRunnerWorker.run(SuiteRunnerWorker.java:86)
  org.testng.TestNG.runSuitesSequentially(TestNG.java:1244)
  org.testng.TestNG.runSuitesLocally(TestNG.java:1169)
  org.testng.TestNG.run(TestNG.java:1064)
  com.intellij.rt.testng.IDEARemoteTestNG.run(IDEARemoteTestNG.java:66)
  com.intellij.rt.testng.RemoteTestNGStarter.main(RemoteTestNGStarter.java:110)
]]>
      </failure>

          </testcase>
            <testcase name="TC29_Check_Validate_SKU_Has_Space_Head" time="0,610" classname="Testcase.Business.Tour.Tab_Tour_Information.CheckValidation_Tour_Information_01">
                <failure type="java.lang.AssertionError"
                  message="expected [sk] but found [ sk]"
              >
<![CDATA[java.lang.AssertionError: expected [sk] but found [ sk]
  org.testng.Assert.fail(Assert.java:94)
  org.testng.Assert.failNotEquals(Assert.java:513)
  org.testng.Assert.assertEqualsImpl(Assert.java:135)
  org.testng.Assert.assertEquals(Assert.java:116)
  org.testng.Assert.assertEquals(Assert.java:179)
  Common.HelperFunction.AbstractTest.checkEquals(AbstractTest.java:159)
  Common.HelperFunction.AbstractTest.verifyEquals(AbstractTest.java:171)
  Testcase.Business.Tour.Tab_Tour_Information.CheckValidation_Tour_Information_01.TC29_Check_Validate_SKU_Has_Space_Head(CheckValidation_Tour_Information.java:753)
  java.base/jdk.internal.reflect.NativeMethodAccessorImpl.invoke0(Native Method)
  java.base/jdk.internal.reflect.NativeMethodAccessorImpl.invoke(NativeMethodAccessorImpl.java:64)
  java.base/jdk.internal.reflect.DelegatingMethodAccessorImpl.invoke(DelegatingMethodAccessorImpl.java:43)
  java.base/java.lang.reflect.Method.invoke(Method.java:564)
  org.testng.internal.MethodInvocationHelper.invokeMethod(MethodInvocationHelper.java:86)
  org.testng.internal.Invoker.invokeMethod(Invoker.java:643)
  org.testng.internal.Invoker.invokeTestMethod(Invoker.java:820)
  org.testng.internal.Invoker.invokeTestMethods(Invoker.java:1128)
  org.testng.internal.TestMethodWorker.invokeTestMethods(TestMethodWorker.java:129)
  org.testng.internal.TestMethodWorker.run(TestMethodWorker.java:112)
  org.testng.TestRunner.privateRun(TestRunner.java:782)
  org.testng.TestRunner.run(TestRunner.java:632)
  org.testng.SuiteRunner.runTest(SuiteRunner.java:366)
  org.testng.SuiteRunner.runSequentially(SuiteRunner.java:361)
  org.testng.SuiteRunner.privateRun(SuiteRunner.java:319)
  org.testng.SuiteRunner.run(SuiteRunner.java:268)
  org.testng.SuiteRunnerWorker.runSuite(SuiteRunnerWorker.java:52)
  org.testng.SuiteRunnerWorker.run(SuiteRunnerWorker.java:86)
  org.testng.TestNG.runSuitesSequentially(TestNG.java:1244)
  org.testng.TestNG.runSuitesLocally(TestNG.java:1169)
  org.testng.TestNG.run(TestNG.java:1064)
  com.intellij.rt.testng.IDEARemoteTestNG.run(IDEARemoteTestNG.java:66)
  com.intellij.rt.testng.RemoteTestNGStarter.main(RemoteTestNGStarter.java:110)
]]>
      </failure>

          </testcase>
            <testcase name="TC14_Check_Validate_Name_Tour_Has_Space_Head" time="0,496" classname="Testcase.Business.Tour.Tab_Tour_Information.CheckValidation_Tour_Information_01">
                <failure type="java.lang.Throwable"
                  message="Mulitple failures (2):
Failure 1 of 2
java.lang.AssertionError: expected [Giới hạn tối thiểu của Tên Tour là 5 kí tự] but found [Tên Tour là bắt buộc.]
	at org.testng.Assert.fail(Assert.java:94)
	at org.testng.Assert.failNotEquals(Assert.java:513)
	at org.testng.Assert.assertEqualsImpl(Assert.java:135)
	at org.testng.Assert.assertEquals(Assert.java:116)
	at org.testng.Assert.assertEquals(Assert.java:179)
	at Common.HelperFunction.AbstractTest.checkEquals(AbstractTest.java:159)
	at Common.HelperFunction.AbstractTest.verifyEquals(AbstractTest.java:171)
	at Testcase.Business.Tour.Tab_Tour_Information.CheckValidation_Tour_Information_01.TC14_Check_Validate_Name_Tour_Has_Space_Head(CheckValidation_Tour_Information.java:410)
	at java.base/jdk.internal.reflect.NativeMethodAccessorImpl.invoke0(Native Method)
	at java.base/jdk.internal.reflect.NativeMethodAccessorImpl.invoke(NativeMethodAccessorImpl.java:64)
	at java.base/jdk.internal.reflect.DelegatingMethodAccessorImpl.invoke(DelegatingMethodAccessorImpl.java:43)
	at java.base/java.lang.reflect.Method.invoke(Method.java:564)
	at org.testng.internal.MethodInvocationHelper.invokeMethod(MethodInvocationHelper.java:86)
	at org.testng.internal.Invoker.invokeMethod(Invoker.java:643)
	at org.testng.internal.Invoker.invokeTestMethod(Invoker.java:820)
	at org.testng.internal.Invoker.invokeTestMethods(Invoker.java:1128)
	at org.testng.internal.TestMethodWorker.invokeTestMethods(TestMethodWorker.java:129)
	at org.testng.internal.TestMethodWorker.run(TestMethodWorker.java:112)
	at org.testng.TestRunner.privateRun(TestRunner.java:782)
	at org.testng.TestRunner.run(TestRunner.java:632)
	at org.testng.SuiteRunner.runTest(SuiteRunner.java:366)
	at org.testng.SuiteRunner.runSequentially(SuiteRunner.java:361)
	at org.testng.SuiteRunner.privateRun(SuiteRunner.java:319)
	at org.testng.SuiteRunner.run(SuiteRunner.java:268)
	at org.testng.SuiteRunnerWorker.runSuite(SuiteRunnerWorker.java:52)
	at org.testng.SuiteRunnerWorker.run(SuiteRunnerWorker.java:86)
	at org.testng.TestNG.runSuitesSequentially(TestNG.java:1244)
	at org.testng.TestNG.runSuitesLocally(TestNG.java:1169)
	at org.testng.TestNG.run(TestNG.java:1064)
	at com.intellij.rt.testng.IDEARemoteTestNG.run(IDEARemoteTestNG.java:66)
	at com.intellij.rt.testng.RemoteTestNGStarter.main(RemoteTestNGStarter.java:110)

Failure 2 of 2
java.lang.AssertionError: expected [abcd] but found [ abcd]"
              >
<![CDATA[java.lang.Throwable: Mulitple failures (2):
Failure 1 of 2
java.lang.AssertionError: expected [Giới hạn tối thiểu của Tên Tour là 5 kí tự] but found [Tên Tour là bắt buộc.]
	at org.testng.Assert.fail(Assert.java:94)
	at org.testng.Assert.failNotEquals(Assert.java:513)
	at org.testng.Assert.assertEqualsImpl(Assert.java:135)
	at org.testng.Assert.assertEquals(Assert.java:116)
	at org.testng.Assert.assertEquals(Assert.java:179)
	at Common.HelperFunction.AbstractTest.checkEquals(AbstractTest.java:159)
	at Common.HelperFunction.AbstractTest.verifyEquals(AbstractTest.java:171)
	at Testcase.Business.Tour.Tab_Tour_Information.CheckValidation_Tour_Information_01.TC14_Check_Validate_Name_Tour_Has_Space_Head(CheckValidation_Tour_Information.java:410)
	at java.base/jdk.internal.reflect.NativeMethodAccessorImpl.invoke0(Native Method)
	at java.base/jdk.internal.reflect.NativeMethodAccessorImpl.invoke(NativeMethodAccessorImpl.java:64)
	at java.base/jdk.internal.reflect.DelegatingMethodAccessorImpl.invoke(DelegatingMethodAccessorImpl.java:43)
	at java.base/java.lang.reflect.Method.invoke(Method.java:564)
	at org.testng.internal.MethodInvocationHelper.invokeMethod(MethodInvocationHelper.java:86)
	at org.testng.internal.Invoker.invokeMethod(Invoker.java:643)
	at org.testng.internal.Invoker.invokeTestMethod(Invoker.java:820)
	at org.testng.internal.Invoker.invokeTestMethods(Invoker.java:1128)
	at org.testng.internal.TestMethodWorker.invokeTestMethods(TestMethodWorker.java:129)
	at org.testng.internal.TestMethodWorker.run(TestMethodWorker.java:112)
	at org.testng.TestRunner.privateRun(TestRunner.java:782)
	at org.testng.TestRunner.run(TestRunner.java:632)
	at org.testng.SuiteRunner.runTest(SuiteRunner.java:366)
	at org.testng.SuiteRunner.runSequentially(SuiteRunner.java:361)
	at org.testng.SuiteRunner.privateRun(SuiteRunner.java:319)
	at org.testng.SuiteRunner.run(SuiteRunner.java:268)
	at org.testng.SuiteRunnerWorker.runSuite(SuiteRunnerWorker.java:52)
	at org.testng.SuiteRunnerWorker.run(SuiteRunnerWorker.java:86)
	at org.testng.TestNG.runSuitesSequentially(TestNG.java:1244)
	at org.testng.TestNG.runSuitesLocally(TestNG.java:1169)
	at org.testng.TestNG.run(TestNG.java:1064)
	at com.intellij.rt.testng.IDEARemoteTestNG.run(IDEARemoteTestNG.java:66)
	at com.intellij.rt.testng.RemoteTestNGStarter.main(RemoteTestNGStarter.java:110)

Failure 2 of 2
java.lang.AssertionError: expected [abcd] but found [ abcd]
  org.testng.Assert.fail(Assert.java:94)
  org.testng.Assert.failNotEquals(Assert.java:513)
  org.testng.Assert.assertEqualsImpl(Assert.java:135)
  org.testng.Assert.assertEquals(Assert.java:116)
  org.testng.Assert.assertEquals(Assert.java:179)
  Common.HelperFunction.AbstractTest.checkEquals(AbstractTest.java:159)
  Common.HelperFunction.AbstractTest.verifyEquals(AbstractTest.java:171)
  Testcase.Business.Tour.Tab_Tour_Information.CheckValidation_Tour_Information_01.TC14_Check_Validate_Name_Tour_Has_Space_Head(CheckValidation_Tour_Information.java:413)
  java.base/jdk.internal.reflect.NativeMethodAccessorImpl.invoke0(Native Method)
  java.base/jdk.internal.reflect.NativeMethodAccessorImpl.invoke(NativeMethodAccessorImpl.java:64)
  java.base/jdk.internal.reflect.DelegatingMethodAccessorImpl.invoke(DelegatingMethodAccessorImpl.java:43)
  java.base/java.lang.reflect.Method.invoke(Method.java:564)
  org.testng.internal.MethodInvocationHelper.invokeMethod(MethodInvocationHelper.java:86)
  org.testng.internal.Invoker.invokeMethod(Invoker.java:643)
  org.testng.internal.Invoker.invokeTestMethod(Invoker.java:820)
  org.testng.internal.Invoker.invokeTestMethods(Invoker.java:1128)
  org.testng.internal.TestMethodWorker.invokeTestMethods(TestMethodWorker.java:129)
  org.testng.internal.TestMethodWorker.run(TestMethodWorker.java:112)
  org.testng.TestRunner.privateRun(TestRunner.java:782)
  org.testng.TestRunner.run(TestRunner.java:632)
  org.testng.SuiteRunner.runTest(SuiteRunner.java:366)
  org.testng.SuiteRunner.runSequentially(SuiteRunner.java:361)
  org.testng.SuiteRunner.privateRun(SuiteRunner.java:319)
  org.testng.SuiteRunner.run(SuiteRunner.java:268)
  org.testng.SuiteRunnerWorker.runSuite(SuiteRunnerWorker.java:52)
  org.testng.SuiteRunnerWorker.run(SuiteRunnerWorker.java:86)
  org.testng.TestNG.runSuitesSequentially(TestNG.java:1244)
  org.testng.TestNG.runSuitesLocally(TestNG.java:1169)
  org.testng.TestNG.run(TestNG.java:1064)
  com.intellij.rt.testng.IDEARemoteTestNG.run(IDEARemoteTestNG.java:66)
  com.intellij.rt.testng.RemoteTestNGStarter.main(RemoteTestNGStarter.java:110)
]]>
      </failure>

          </testcase>
            <testcase name="TC15_Check_Validate_Name_Tour_Has_Space_Last" time="0,585" classname="Testcase.Business.Tour.Tab_Tour_Information.CheckValidation_Tour_Information_01">
                <failure type="java.lang.Throwable"
                  message="Mulitple failures (2):
Failure 1 of 2
java.lang.AssertionError: expected [Giới hạn tối thiểu của Tên Tour là 5 kí tự] but found [Tên Tour là bắt buộc.]
	at org.testng.Assert.fail(Assert.java:94)
	at org.testng.Assert.failNotEquals(Assert.java:513)
	at org.testng.Assert.assertEqualsImpl(Assert.java:135)
	at org.testng.Assert.assertEquals(Assert.java:116)
	at org.testng.Assert.assertEquals(Assert.java:179)
	at Common.HelperFunction.AbstractTest.checkEquals(AbstractTest.java:159)
	at Common.HelperFunction.AbstractTest.verifyEquals(AbstractTest.java:171)
	at Testcase.Business.Tour.Tab_Tour_Information.CheckValidation_Tour_Information_01.TC15_Check_Validate_Name_Tour_Has_Space_Last(CheckValidation_Tour_Information.java:435)
	at java.base/jdk.internal.reflect.NativeMethodAccessorImpl.invoke0(Native Method)
	at java.base/jdk.internal.reflect.NativeMethodAccessorImpl.invoke(NativeMethodAccessorImpl.java:64)
	at java.base/jdk.internal.reflect.DelegatingMethodAccessorImpl.invoke(DelegatingMethodAccessorImpl.java:43)
	at java.base/java.lang.reflect.Method.invoke(Method.java:564)
	at org.testng.internal.MethodInvocationHelper.invokeMethod(MethodInvocationHelper.java:86)
	at org.testng.internal.Invoker.invokeMethod(Invoker.java:643)
	at org.testng.internal.Invoker.invokeTestMethod(Invoker.java:820)
	at org.testng.internal.Invoker.invokeTestMethods(Invoker.java:1128)
	at org.testng.internal.TestMethodWorker.invokeTestMethods(TestMethodWorker.java:129)
	at org.testng.internal.TestMethodWorker.run(TestMethodWorker.java:112)
	at org.testng.TestRunner.privateRun(TestRunner.java:782)
	at org.testng.TestRunner.run(TestRunner.java:632)
	at org.testng.SuiteRunner.runTest(SuiteRunner.java:366)
	at org.testng.SuiteRunner.runSequentially(SuiteRunner.java:361)
	at org.testng.SuiteRunner.privateRun(SuiteRunner.java:319)
	at org.testng.SuiteRunner.run(SuiteRunner.java:268)
	at org.testng.SuiteRunnerWorker.runSuite(SuiteRunnerWorker.java:52)
	at org.testng.SuiteRunnerWorker.run(SuiteRunnerWorker.java:86)
	at org.testng.TestNG.runSuitesSequentially(TestNG.java:1244)
	at org.testng.TestNG.runSuitesLocally(TestNG.java:1169)
	at org.testng.TestNG.run(TestNG.java:1064)
	at com.intellij.rt.testng.IDEARemoteTestNG.run(IDEARemoteTestNG.java:66)
	at com.intellij.rt.testng.RemoteTestNGStarter.main(RemoteTestNGStarter.java:110)

Failure 2 of 2
java.lang.AssertionError: expected [abcd] but found [abcd ]"
              >
<![CDATA[java.lang.Throwable: Mulitple failures (2):
Failure 1 of 2
java.lang.AssertionError: expected [Giới hạn tối thiểu của Tên Tour là 5 kí tự] but found [Tên Tour là bắt buộc.]
	at org.testng.Assert.fail(Assert.java:94)
	at org.testng.Assert.failNotEquals(Assert.java:513)
	at org.testng.Assert.assertEqualsImpl(Assert.java:135)
	at org.testng.Assert.assertEquals(Assert.java:116)
	at org.testng.Assert.assertEquals(Assert.java:179)
	at Common.HelperFunction.AbstractTest.checkEquals(AbstractTest.java:159)
	at Common.HelperFunction.AbstractTest.verifyEquals(AbstractTest.java:171)
	at Testcase.Business.Tour.Tab_Tour_Information.CheckValidation_Tour_Information_01.TC15_Check_Validate_Name_Tour_Has_Space_Last(CheckValidation_Tour_Information.java:435)
	at java.base/jdk.internal.reflect.NativeMethodAccessorImpl.invoke0(Native Method)
	at java.base/jdk.internal.reflect.NativeMethodAccessorImpl.invoke(NativeMethodAccessorImpl.java:64)
	at java.base/jdk.internal.reflect.DelegatingMethodAccessorImpl.invoke(DelegatingMethodAccessorImpl.java:43)
	at java.base/java.lang.reflect.Method.invoke(Method.java:564)
	at org.testng.internal.MethodInvocationHelper.invokeMethod(MethodInvocationHelper.java:86)
	at org.testng.internal.Invoker.invokeMethod(Invoker.java:643)
	at org.testng.internal.Invoker.invokeTestMethod(Invoker.java:820)
	at org.testng.internal.Invoker.invokeTestMethods(Invoker.java:1128)
	at org.testng.internal.TestMethodWorker.invokeTestMethods(TestMethodWorker.java:129)
	at org.testng.internal.TestMethodWorker.run(TestMethodWorker.java:112)
	at org.testng.TestRunner.privateRun(TestRunner.java:782)
	at org.testng.TestRunner.run(TestRunner.java:632)
	at org.testng.SuiteRunner.runTest(SuiteRunner.java:366)
	at org.testng.SuiteRunner.runSequentially(SuiteRunner.java:361)
	at org.testng.SuiteRunner.privateRun(SuiteRunner.java:319)
	at org.testng.SuiteRunner.run(SuiteRunner.java:268)
	at org.testng.SuiteRunnerWorker.runSuite(SuiteRunnerWorker.java:52)
	at org.testng.SuiteRunnerWorker.run(SuiteRunnerWorker.java:86)
	at org.testng.TestNG.runSuitesSequentially(TestNG.java:1244)
	at org.testng.TestNG.runSuitesLocally(TestNG.java:1169)
	at org.testng.TestNG.run(TestNG.java:1064)
	at com.intellij.rt.testng.IDEARemoteTestNG.run(IDEARemoteTestNG.java:66)
	at com.intellij.rt.testng.RemoteTestNGStarter.main(RemoteTestNGStarter.java:110)

Failure 2 of 2
java.lang.AssertionError: expected [abcd] but found [abcd ]
  org.testng.Assert.fail(Assert.java:94)
  org.testng.Assert.failNotEquals(Assert.java:513)
  org.testng.Assert.assertEqualsImpl(Assert.java:135)
  org.testng.Assert.assertEquals(Assert.java:116)
  org.testng.Assert.assertEquals(Assert.java:179)
  Common.HelperFunction.AbstractTest.checkEquals(AbstractTest.java:159)
  Common.HelperFunction.AbstractTest.verifyEquals(AbstractTest.java:171)
  Testcase.Business.Tour.Tab_Tour_Information.CheckValidation_Tour_Information_01.TC15_Check_Validate_Name_Tour_Has_Space_Last(CheckValidation_Tour_Information.java:438)
  java.base/jdk.internal.reflect.NativeMethodAccessorImpl.invoke0(Native Method)
  java.base/jdk.internal.reflect.NativeMethodAccessorImpl.invoke(NativeMethodAccessorImpl.java:64)
  java.base/jdk.internal.reflect.DelegatingMethodAccessorImpl.invoke(DelegatingMethodAccessorImpl.java:43)
  java.base/java.lang.reflect.Method.invoke(Method.java:564)
  org.testng.internal.MethodInvocationHelper.invokeMethod(MethodInvocationHelper.java:86)
  org.testng.internal.Invoker.invokeMethod(Invoker.java:643)
  org.testng.internal.Invoker.invokeTestMethod(Invoker.java:820)
  org.testng.internal.Invoker.invokeTestMethods(Invoker.java:1128)
  org.testng.internal.TestMethodWorker.invokeTestMethods(TestMethodWorker.java:129)
  org.testng.internal.TestMethodWorker.run(TestMethodWorker.java:112)
  org.testng.TestRunner.privateRun(TestRunner.java:782)
  org.testng.TestRunner.run(TestRunner.java:632)
  org.testng.SuiteRunner.runTest(SuiteRunner.java:366)
  org.testng.SuiteRunner.runSequentially(SuiteRunner.java:361)
  org.testng.SuiteRunner.privateRun(SuiteRunner.java:319)
  org.testng.SuiteRunner.run(SuiteRunner.java:268)
  org.testng.SuiteRunnerWorker.runSuite(SuiteRunnerWorker.java:52)
  org.testng.SuiteRunnerWorker.run(SuiteRunnerWorker.java:86)
  org.testng.TestNG.runSuitesSequentially(TestNG.java:1244)
  org.testng.TestNG.runSuitesLocally(TestNG.java:1169)
  org.testng.TestNG.run(TestNG.java:1064)
  com.intellij.rt.testng.IDEARemoteTestNG.run(IDEARemoteTestNG.java:66)
  com.intellij.rt.testng.RemoteTestNGStarter.main(RemoteTestNGStarter.java:110)
]]>
      </failure>

          </testcase>
            <testcase name="TC58_Check_Validate_Closing_Day_Is_More_Max" time="0,314" classname="Testcase.Business.Tour.Tab_Tour_Information.CheckValidation_Tour_Information_01">
                <failure type="java.lang.AssertionError"
                  message="expected [Hạn chót đặt tour phải bé hơn hoặc bằng 999999] but found [Hạn chót đặt tour là bắt buộc.]"
              >
<![CDATA[java.lang.AssertionError: expected [Hạn chót đặt tour phải bé hơn hoặc bằng 999999] but found [Hạn chót đặt tour là bắt buộc.]
  org.testng.Assert.fail(Assert.java:94)
  org.testng.Assert.failNotEquals(Assert.java:513)
  org.testng.Assert.assertEqualsImpl(Assert.java:135)
  org.testng.Assert.assertEquals(Assert.java:116)
  org.testng.Assert.assertEquals(Assert.java:179)
  Common.HelperFunction.AbstractTest.checkEquals(AbstractTest.java:159)
  Common.HelperFunction.AbstractTest.verifyEquals(AbstractTest.java:171)
  Testcase.Business.Tour.Tab_Tour_Information.CheckValidation_Tour_Information_01.TC58_Check_Validate_Closing_Day_Is_More_Max(CheckValidation_Tour_Information.java:1494)
  java.base/jdk.internal.reflect.NativeMethodAccessorImpl.invoke0(Native Method)
  java.base/jdk.internal.reflect.NativeMethodAccessorImpl.invoke(NativeMethodAccessorImpl.java:64)
  java.base/jdk.internal.reflect.DelegatingMethodAccessorImpl.invoke(DelegatingMethodAccessorImpl.java:43)
  java.base/java.lang.reflect.Method.invoke(Method.java:564)
  org.testng.internal.MethodInvocationHelper.invokeMethod(MethodInvocationHelper.java:86)
  org.testng.internal.Invoker.invokeMethod(Invoker.java:643)
  org.testng.internal.Invoker.invokeTestMethod(Invoker.java:820)
  org.testng.internal.Invoker.invokeTestMethods(Invoker.java:1128)
  org.testng.internal.TestMethodWorker.invokeTestMethods(TestMethodWorker.java:129)
  org.testng.internal.TestMethodWorker.run(TestMethodWorker.java:112)
  org.testng.TestRunner.privateRun(TestRunner.java:782)
  org.testng.TestRunner.run(TestRunner.java:632)
  org.testng.SuiteRunner.runTest(SuiteRunner.java:366)
  org.testng.SuiteRunner.runSequentially(SuiteRunner.java:361)
  org.testng.SuiteRunner.privateRun(SuiteRunner.java:319)
  org.testng.SuiteRunner.run(SuiteRunner.java:268)
  org.testng.SuiteRunnerWorker.runSuite(SuiteRunnerWorker.java:52)
  org.testng.SuiteRunnerWorker.run(SuiteRunnerWorker.java:86)
  org.testng.TestNG.runSuitesSequentially(TestNG.java:1244)
  org.testng.TestNG.runSuitesLocally(TestNG.java:1169)
  org.testng.TestNG.run(TestNG.java:1064)
  com.intellij.rt.testng.IDEARemoteTestNG.run(IDEARemoteTestNG.java:66)
  com.intellij.rt.testng.RemoteTestNGStarter.main(RemoteTestNGStarter.java:110)
]]>
      </failure>

          </testcase>
            <testcase name="TC09_Check_Validate_Name_Tour_Has_4_Char" time="0,514" classname="Testcase.Business.Tour.Tab_Tour_Information.CheckValidation_Tour_Information_01">
                <failure type="java.lang.AssertionError"
                  message="expected [Giới hạn tối thiểu của Tên Tour là 5 kí tự] but found [Tên Tour là bắt buộc.]"
              >
<![CDATA[java.lang.AssertionError: expected [Giới hạn tối thiểu của Tên Tour là 5 kí tự] but found [Tên Tour là bắt buộc.]
  org.testng.Assert.fail(Assert.java:94)
  org.testng.Assert.failNotEquals(Assert.java:513)
  org.testng.Assert.assertEqualsImpl(Assert.java:135)
  org.testng.Assert.assertEquals(Assert.java:116)
  org.testng.Assert.assertEquals(Assert.java:179)
  Common.HelperFunction.AbstractTest.checkEquals(AbstractTest.java:159)
  Common.HelperFunction.AbstractTest.verifyEquals(AbstractTest.java:171)
  Testcase.Business.Tour.Tab_Tour_Information.CheckValidation_Tour_Information_01.TC09_Check_Validate_Name_Tour_Has_4_Char(CheckValidation_Tour_Information.java:299)
  java.base/jdk.internal.reflect.NativeMethodAccessorImpl.invoke0(Native Method)
  java.base/jdk.internal.reflect.NativeMethodAccessorImpl.invoke(NativeMethodAccessorImpl.java:64)
  java.base/jdk.internal.reflect.DelegatingMethodAccessorImpl.invoke(DelegatingMethodAccessorImpl.java:43)
  java.base/java.lang.reflect.Method.invoke(Method.java:564)
  org.testng.internal.MethodInvocationHelper.invokeMethod(MethodInvocationHelper.java:86)
  org.testng.internal.Invoker.invokeMethod(Invoker.java:643)
  org.testng.internal.Invoker.invokeTestMethod(Invoker.java:820)
  org.testng.internal.Invoker.invokeTestMethods(Invoker.java:1128)
  org.testng.internal.TestMethodWorker.invokeTestMethods(TestMethodWorker.java:129)
  org.testng.internal.TestMethodWorker.run(TestMethodWorker.java:112)
  org.testng.TestRunner.privateRun(TestRunner.java:782)
  org.testng.TestRunner.run(TestRunner.java:632)
  org.testng.SuiteRunner.runTest(SuiteRunner.java:366)
  org.testng.SuiteRunner.runSequentially(SuiteRunner.java:361)
  org.testng.SuiteRunner.privateRun(SuiteRunner.java:319)
  org.testng.SuiteRunner.run(SuiteRunner.java:268)
  org.testng.SuiteRunnerWorker.runSuite(SuiteRunnerWorker.java:52)
  org.testng.SuiteRunnerWorker.run(SuiteRunnerWorker.java:86)
  org.testng.TestNG.runSuitesSequentially(TestNG.java:1244)
  org.testng.TestNG.runSuitesLocally(TestNG.java:1169)
  org.testng.TestNG.run(TestNG.java:1064)
  com.intellij.rt.testng.IDEARemoteTestNG.run(IDEARemoteTestNG.java:66)
  com.intellij.rt.testng.RemoteTestNGStarter.main(RemoteTestNGStarter.java:110)
]]>
      </failure>

          </testcase>
            <testcase name="TC49_Check_Validate_Basic_Price_Is_More_Max" time="3,784" classname="Testcase.Business.Tour.Tab_Tour_Information.CheckValidation_Tour_Information_01">
                <failure type="java.lang.AssertionError"
                  message="expected [Giá cơ bản phải bé hơn hoặc bằng 999.999.999.999 ₫] but found [Giá cơ bản là bắt buộc.]"
              >
<![CDATA[java.lang.AssertionError: expected [Giá cơ bản phải bé hơn hoặc bằng 999.999.999.999 ₫] but found [Giá cơ bản là bắt buộc.]
  org.testng.Assert.fail(Assert.java:94)
  org.testng.Assert.failNotEquals(Assert.java:513)
  org.testng.Assert.assertEqualsImpl(Assert.java:135)
  org.testng.Assert.assertEquals(Assert.java:116)
  org.testng.Assert.assertEquals(Assert.java:179)
  Common.HelperFunction.AbstractTest.checkEquals(AbstractTest.java:159)
  Common.HelperFunction.AbstractTest.verifyEquals(AbstractTest.java:171)
  Testcase.Business.Tour.Tab_Tour_Information.CheckValidation_Tour_Information_01.TC49_Check_Validate_Basic_Price_Is_More_Max(CheckValidation_Tour_Information.java:1260)
  java.base/jdk.internal.reflect.NativeMethodAccessorImpl.invoke0(Native Method)
  java.base/jdk.internal.reflect.NativeMethodAccessorImpl.invoke(NativeMethodAccessorImpl.java:64)
  java.base/jdk.internal.reflect.DelegatingMethodAccessorImpl.invoke(DelegatingMethodAccessorImpl.java:43)
  java.base/java.lang.reflect.Method.invoke(Method.java:564)
  org.testng.internal.MethodInvocationHelper.invokeMethod(MethodInvocationHelper.java:86)
  org.testng.internal.Invoker.invokeMethod(Invoker.java:643)
  org.testng.internal.Invoker.invokeTestMethod(Invoker.java:820)
  org.testng.internal.Invoker.invokeTestMethods(Invoker.java:1128)
  org.testng.internal.TestMethodWorker.invokeTestMethods(TestMethodWorker.java:129)
  org.testng.internal.TestMethodWorker.run(TestMethodWorker.java:112)
  org.testng.TestRunner.privateRun(TestRunner.java:782)
  org.testng.TestRunner.run(TestRunner.java:632)
  org.testng.SuiteRunner.runTest(SuiteRunner.java:366)
  org.testng.SuiteRunner.runSequentially(SuiteRunner.java:361)
  org.testng.SuiteRunner.privateRun(SuiteRunner.java:319)
  org.testng.SuiteRunner.run(SuiteRunner.java:268)
  org.testng.SuiteRunnerWorker.runSuite(SuiteRunnerWorker.java:52)
  org.testng.SuiteRunnerWorker.run(SuiteRunnerWorker.java:86)
  org.testng.TestNG.runSuitesSequentially(TestNG.java:1244)
  org.testng.TestNG.runSuitesLocally(TestNG.java:1169)
  org.testng.TestNG.run(TestNG.java:1064)
  com.intellij.rt.testng.IDEARemoteTestNG.run(IDEARemoteTestNG.java:66)
  com.intellij.rt.testng.RemoteTestNGStarter.main(RemoteTestNGStarter.java:110)
]]>
      </failure>

          </testcase>
            <testcase name="TC75_Check_Validate_Address_Has_Many_Location" time="5,148" classname="Testcase.Business.Tour.Tab_Tour_Information.CheckValidation_Tour_Information_01">
                <failure type="java.lang.AssertionError"
                  message="expected [195 Xô Viết Nghệ Tĩnh, Phường 17, Bình Thạnh, Thành phố Hồ Chí Minh 700000, Vietnam] but found [KFC]"
              >
<![CDATA[java.lang.AssertionError: expected [195 Xô Viết Nghệ Tĩnh, Phường 17, Bình Thạnh, Thành phố Hồ Chí Minh 700000, Vietnam] but found [KFC]
  org.testng.Assert.fail(Assert.java:94)
  org.testng.Assert.failNotEquals(Assert.java:513)
  org.testng.Assert.assertEqualsImpl(Assert.java:135)
  org.testng.Assert.assertEquals(Assert.java:116)
  org.testng.Assert.assertEquals(Assert.java:179)
  Common.HelperFunction.AbstractTest.checkEquals(AbstractTest.java:159)
  Common.HelperFunction.AbstractTest.verifyEquals(AbstractTest.java:171)
  Testcase.Business.Tour.Tab_Tour_Information.CheckValidation_Tour_Information_01.TC75_Check_Validate_Address_Has_Many_Location(CheckValidation_Tour_Information.java:1826)
  java.base/jdk.internal.reflect.NativeMethodAccessorImpl.invoke0(Native Method)
  java.base/jdk.internal.reflect.NativeMethodAccessorImpl.invoke(NativeMethodAccessorImpl.java:64)
  java.base/jdk.internal.reflect.DelegatingMethodAccessorImpl.invoke(DelegatingMethodAccessorImpl.java:43)
  java.base/java.lang.reflect.Method.invoke(Method.java:564)
  org.testng.internal.MethodInvocationHelper.invokeMethod(MethodInvocationHelper.java:86)
  org.testng.internal.Invoker.invokeMethod(Invoker.java:643)
  org.testng.internal.Invoker.invokeTestMethod(Invoker.java:820)
  org.testng.internal.Invoker.invokeTestMethods(Invoker.java:1128)
  org.testng.internal.TestMethodWorker.invokeTestMethods(TestMethodWorker.java:129)
  org.testng.internal.TestMethodWorker.run(TestMethodWorker.java:112)
  org.testng.TestRunner.privateRun(TestRunner.java:782)
  org.testng.TestRunner.run(TestRunner.java:632)
  org.testng.SuiteRunner.runTest(SuiteRunner.java:366)
  org.testng.SuiteRunner.runSequentially(SuiteRunner.java:361)
  org.testng.SuiteRunner.privateRun(SuiteRunner.java:319)
  org.testng.SuiteRunner.run(SuiteRunner.java:268)
  org.testng.SuiteRunnerWorker.runSuite(SuiteRunnerWorker.java:52)
  org.testng.SuiteRunnerWorker.run(SuiteRunnerWorker.java:86)
  org.testng.TestNG.runSuitesSequentially(TestNG.java:1244)
  org.testng.TestNG.runSuitesLocally(TestNG.java:1169)
  org.testng.TestNG.run(TestNG.java:1064)
  com.intellij.rt.testng.IDEARemoteTestNG.run(IDEARemoteTestNG.java:66)
  com.intellij.rt.testng.RemoteTestNGStarter.main(RemoteTestNGStarter.java:110)
]]>
      </failure>

          </testcase>
            <testcase name="TC12_Check_Validate_Name_Tour_Has_256_Char" time="1,040" classname="Testcase.Business.Tour.Tab_Tour_Information.CheckValidation_Tour_Information_01">
                <failure type="java.lang.AssertionError"
                  message="expected [Giới hạn tối đa của Tên Tour là 255 kí tự] but found [Tên Tour là bắt buộc.]"
              >
<![CDATA[java.lang.AssertionError: expected [Giới hạn tối đa của Tên Tour là 255 kí tự] but found [Tên Tour là bắt buộc.]
  org.testng.Assert.fail(Assert.java:94)
  org.testng.Assert.failNotEquals(Assert.java:513)
  org.testng.Assert.assertEqualsImpl(Assert.java:135)
  org.testng.Assert.assertEquals(Assert.java:116)
  org.testng.Assert.assertEquals(Assert.java:179)
  Common.HelperFunction.AbstractTest.checkEquals(AbstractTest.java:159)
  Common.HelperFunction.AbstractTest.verifyEquals(AbstractTest.java:171)
  Testcase.Business.Tour.Tab_Tour_Information.CheckValidation_Tour_Information_01.TC12_Check_Validate_Name_Tour_Has_256_Char(CheckValidation_Tour_Information.java:366)
  java.base/jdk.internal.reflect.NativeMethodAccessorImpl.invoke0(Native Method)
  java.base/jdk.internal.reflect.NativeMethodAccessorImpl.invoke(NativeMethodAccessorImpl.java:64)
  java.base/jdk.internal.reflect.DelegatingMethodAccessorImpl.invoke(DelegatingMethodAccessorImpl.java:43)
  java.base/java.lang.reflect.Method.invoke(Method.java:564)
  org.testng.internal.MethodInvocationHelper.invokeMethod(MethodInvocationHelper.java:86)
  org.testng.internal.Invoker.invokeMethod(Invoker.java:643)
  org.testng.internal.Invoker.invokeTestMethod(Invoker.java:820)
  org.testng.internal.Invoker.invokeTestMethods(Invoker.java:1128)
  org.testng.internal.TestMethodWorker.invokeTestMethods(TestMethodWorker.java:129)
  org.testng.internal.TestMethodWorker.run(TestMethodWorker.java:112)
  org.testng.TestRunner.privateRun(TestRunner.java:782)
  org.testng.TestRunner.run(TestRunner.java:632)
  org.testng.SuiteRunner.runTest(SuiteRunner.java:366)
  org.testng.SuiteRunner.runSequentially(SuiteRunner.java:361)
  org.testng.SuiteRunner.privateRun(SuiteRunner.java:319)
  org.testng.SuiteRunner.run(SuiteRunner.java:268)
  org.testng.SuiteRunnerWorker.runSuite(SuiteRunnerWorker.java:52)
  org.testng.SuiteRunnerWorker.run(SuiteRunnerWorker.java:86)
  org.testng.TestNG.runSuitesSequentially(TestNG.java:1244)
  org.testng.TestNG.runSuitesLocally(TestNG.java:1169)
  org.testng.TestNG.run(TestNG.java:1064)
  com.intellij.rt.testng.IDEARemoteTestNG.run(IDEARemoteTestNG.java:66)
  com.intellij.rt.testng.RemoteTestNGStarter.main(RemoteTestNGStarter.java:110)
]]>
      </failure>

          </testcase>
            <testcase name="TC28_Check_Validate_SKU_Has_5_Space_Char" time="0,675" classname="Testcase.Business.Tour.Tab_Tour_Information.CheckValidation_Tour_Information_01">
                <failure type="java.lang.AssertionError"
                  message="expected [Mã lưu kho là bắt buộc] but found [Giới hạn tối thiểu của Mã lưu kho là 3 kí tự]"
              >
<![CDATA[java.lang.AssertionError: expected [Mã lưu kho là bắt buộc] but found [Giới hạn tối thiểu của Mã lưu kho là 3 kí tự]
  org.testng.Assert.fail(Assert.java:94)
  org.testng.Assert.failNotEquals(Assert.java:513)
  org.testng.Assert.assertEqualsImpl(Assert.java:135)
  org.testng.Assert.assertEquals(Assert.java:116)
  org.testng.Assert.assertEquals(Assert.java:179)
  Common.HelperFunction.AbstractTest.checkEquals(AbstractTest.java:159)
  Common.HelperFunction.AbstractTest.verifyEquals(AbstractTest.java:171)
  Testcase.Business.Tour.Tab_Tour_Information.CheckValidation_Tour_Information_01.TC28_Check_Validate_SKU_Has_5_Space_Char(CheckValidation_Tour_Information.java:728)
  java.base/jdk.internal.reflect.NativeMethodAccessorImpl.invoke0(Native Method)
  java.base/jdk.internal.reflect.NativeMethodAccessorImpl.invoke(NativeMethodAccessorImpl.java:64)
  java.base/jdk.internal.reflect.DelegatingMethodAccessorImpl.invoke(DelegatingMethodAccessorImpl.java:43)
  java.base/java.lang.reflect.Method.invoke(Method.java:564)
  org.testng.internal.MethodInvocationHelper.invokeMethod(MethodInvocationHelper.java:86)
  org.testng.internal.Invoker.invokeMethod(Invoker.java:643)
  org.testng.internal.Invoker.invokeTestMethod(Invoker.java:820)
  org.testng.internal.Invoker.invokeTestMethods(Invoker.java:1128)
  org.testng.internal.TestMethodWorker.invokeTestMethods(TestMethodWorker.java:129)
  org.testng.internal.TestMethodWorker.run(TestMethodWorker.java:112)
  org.testng.TestRunner.privateRun(TestRunner.java:782)
  org.testng.TestRunner.run(TestRunner.java:632)
  org.testng.SuiteRunner.runTest(SuiteRunner.java:366)
  org.testng.SuiteRunner.runSequentially(SuiteRunner.java:361)
  org.testng.SuiteRunner.privateRun(SuiteRunner.java:319)
  org.testng.SuiteRunner.run(SuiteRunner.java:268)
  org.testng.SuiteRunnerWorker.runSuite(SuiteRunnerWorker.java:52)
  org.testng.SuiteRunnerWorker.run(SuiteRunnerWorker.java:86)
  org.testng.TestNG.runSuitesSequentially(TestNG.java:1244)
  org.testng.TestNG.runSuitesLocally(TestNG.java:1169)
  org.testng.TestNG.run(TestNG.java:1064)
  com.intellij.rt.testng.IDEARemoteTestNG.run(IDEARemoteTestNG.java:66)
  com.intellij.rt.testng.RemoteTestNGStarter.main(RemoteTestNGStarter.java:110)
]]>
      </failure>

          </testcase>
            <testcase name="TC30_Check_Validate_SKU_Has_Space_Last" time="0,746" classname="Testcase.Business.Tour.Tab_Tour_Information.CheckValidation_Tour_Information_01">
                <failure type="java.lang.AssertionError"
                  message="expected [sk] but found [sk ]"
              >
<![CDATA[java.lang.AssertionError: expected [sk] but found [sk ]
  org.testng.Assert.fail(Assert.java:94)
  org.testng.Assert.failNotEquals(Assert.java:513)
  org.testng.Assert.assertEqualsImpl(Assert.java:135)
  org.testng.Assert.assertEquals(Assert.java:116)
  org.testng.Assert.assertEquals(Assert.java:179)
  Common.HelperFunction.AbstractTest.checkEquals(AbstractTest.java:159)
  Common.HelperFunction.AbstractTest.verifyEquals(AbstractTest.java:171)
  Testcase.Business.Tour.Tab_Tour_Information.CheckValidation_Tour_Information_01.TC30_Check_Validate_SKU_Has_Space_Last(CheckValidation_Tour_Information.java:778)
  java.base/jdk.internal.reflect.NativeMethodAccessorImpl.invoke0(Native Method)
  java.base/jdk.internal.reflect.NativeMethodAccessorImpl.invoke(NativeMethodAccessorImpl.java:64)
  java.base/jdk.internal.reflect.DelegatingMethodAccessorImpl.invoke(DelegatingMethodAccessorImpl.java:43)
  java.base/java.lang.reflect.Method.invoke(Method.java:564)
  org.testng.internal.MethodInvocationHelper.invokeMethod(MethodInvocationHelper.java:86)
  org.testng.internal.Invoker.invokeMethod(Invoker.java:643)
  org.testng.internal.Invoker.invokeTestMethod(Invoker.java:820)
  org.testng.internal.Invoker.invokeTestMethods(Invoker.java:1128)
  org.testng.internal.TestMethodWorker.invokeTestMethods(TestMethodWorker.java:129)
  org.testng.internal.TestMethodWorker.run(TestMethodWorker.java:112)
  org.testng.TestRunner.privateRun(TestRunner.java:782)
  org.testng.TestRunner.run(TestRunner.java:632)
  org.testng.SuiteRunner.runTest(SuiteRunner.java:366)
  org.testng.SuiteRunner.runSequentially(SuiteRunner.java:361)
  org.testng.SuiteRunner.privateRun(SuiteRunner.java:319)
  org.testng.SuiteRunner.run(SuiteRunner.java:268)
  org.testng.SuiteRunnerWorker.runSuite(SuiteRunnerWorker.java:52)
  org.testng.SuiteRunnerWorker.run(SuiteRunnerWorker.java:86)
  org.testng.TestNG.runSuitesSequentially(TestNG.java:1244)
  org.testng.TestNG.runSuitesLocally(TestNG.java:1169)
  org.testng.TestNG.run(TestNG.java:1064)
  com.intellij.rt.testng.IDEARemoteTestNG.run(IDEARemoteTestNG.java:66)
  com.intellij.rt.testng.RemoteTestNGStarter.main(RemoteTestNGStarter.java:110)
]]>
      </failure>

          </testcase>
            <testcase name="TC27_Check_Validate_SKU_Has_256_Char" time="1,018" classname="Testcase.Business.Tour.Tab_Tour_Information.CheckValidation_Tour_Information_01">
                <failure type="java.lang.AssertionError"
                  message="expected [Giới hạn tối đa của Mã lưu kho là 255 kí tự] but found [Giới hạn tối thiểu của Mã lưu kho là 3 kí tự]"
              >
<![CDATA[java.lang.AssertionError: expected [Giới hạn tối đa của Mã lưu kho là 255 kí tự] but found [Giới hạn tối thiểu của Mã lưu kho là 3 kí tự]
  org.testng.Assert.fail(Assert.java:94)
  org.testng.Assert.failNotEquals(Assert.java:513)
  org.testng.Assert.assertEqualsImpl(Assert.java:135)
  org.testng.Assert.assertEquals(Assert.java:116)
  org.testng.Assert.assertEquals(Assert.java:179)
  Common.HelperFunction.AbstractTest.checkEquals(AbstractTest.java:159)
  Common.HelperFunction.AbstractTest.verifyEquals(AbstractTest.java:171)
  Testcase.Business.Tour.Tab_Tour_Information.CheckValidation_Tour_Information_01.TC27_Check_Validate_SKU_Has_256_Char(CheckValidation_Tour_Information.java:706)
  java.base/jdk.internal.reflect.NativeMethodAccessorImpl.invoke0(Native Method)
  java.base/jdk.internal.reflect.NativeMethodAccessorImpl.invoke(NativeMethodAccessorImpl.java:64)
  java.base/jdk.internal.reflect.DelegatingMethodAccessorImpl.invoke(DelegatingMethodAccessorImpl.java:43)
  java.base/java.lang.reflect.Method.invoke(Method.java:564)
  org.testng.internal.MethodInvocationHelper.invokeMethod(MethodInvocationHelper.java:86)
  org.testng.internal.Invoker.invokeMethod(Invoker.java:643)
  org.testng.internal.Invoker.invokeTestMethod(Invoker.java:820)
  org.testng.internal.Invoker.invokeTestMethods(Invoker.java:1128)
  org.testng.internal.TestMethodWorker.invokeTestMethods(TestMethodWorker.java:129)
  org.testng.internal.TestMethodWorker.run(TestMethodWorker.java:112)
  org.testng.TestRunner.privateRun(TestRunner.java:782)
  org.testng.TestRunner.run(TestRunner.java:632)
  org.testng.SuiteRunner.runTest(SuiteRunner.java:366)
  org.testng.SuiteRunner.runSequentially(SuiteRunner.java:361)
  org.testng.SuiteRunner.privateRun(SuiteRunner.java:319)
  org.testng.SuiteRunner.run(SuiteRunner.java:268)
  org.testng.SuiteRunnerWorker.runSuite(SuiteRunnerWorker.java:52)
  org.testng.SuiteRunnerWorker.run(SuiteRunnerWorker.java:86)
  org.testng.TestNG.runSuitesSequentially(TestNG.java:1244)
  org.testng.TestNG.runSuitesLocally(TestNG.java:1169)
  org.testng.TestNG.run(TestNG.java:1064)
  com.intellij.rt.testng.IDEARemoteTestNG.run(IDEARemoteTestNG.java:66)
  com.intellij.rt.testng.RemoteTestNGStarter.main(RemoteTestNGStarter.java:110)
]]>
      </failure>

          </testcase>
            <testcase name="TC40_Check_Validate_TotalDay_Is_Valid" time="2,177" classname="Testcase.Business.Tour.Tab_Tour_Information.CheckValidation_Tour_Information_01">
                <failure type="java.lang.AssertionError"
                  message="expected [Số ngày đi Tour phải bé hơn hoặc bằng 999999999] but found [Số ngày đi Tour là bắt buộc.]"
              >
<![CDATA[java.lang.AssertionError: expected [Số ngày đi Tour phải bé hơn hoặc bằng 999999999] but found [Số ngày đi Tour là bắt buộc.]
  org.testng.Assert.fail(Assert.java:94)
  org.testng.Assert.failNotEquals(Assert.java:513)
  org.testng.Assert.assertEqualsImpl(Assert.java:135)
  org.testng.Assert.assertEquals(Assert.java:116)
  org.testng.Assert.assertEquals(Assert.java:179)
  Common.HelperFunction.AbstractTest.checkEquals(AbstractTest.java:159)
  Common.HelperFunction.AbstractTest.verifyEquals(AbstractTest.java:171)
  Testcase.Business.Tour.Tab_Tour_Information.CheckValidation_Tour_Information_01.TC40_Check_Validate_TotalDay_Is_Valid(CheckValidation_Tour_Information.java:1045)
  java.base/jdk.internal.reflect.NativeMethodAccessorImpl.invoke0(Native Method)
  java.base/jdk.internal.reflect.NativeMethodAccessorImpl.invoke(NativeMethodAccessorImpl.java:64)
  java.base/jdk.internal.reflect.DelegatingMethodAccessorImpl.invoke(DelegatingMethodAccessorImpl.java:43)
  java.base/java.lang.reflect.Method.invoke(Method.java:564)
  org.testng.internal.MethodInvocationHelper.invokeMethod(MethodInvocationHelper.java:86)
  org.testng.internal.Invoker.invokeMethod(Invoker.java:643)
  org.testng.internal.Invoker.invokeTestMethod(Invoker.java:820)
  org.testng.internal.Invoker.invokeTestMethods(Invoker.java:1128)
  org.testng.internal.TestMethodWorker.invokeTestMethods(TestMethodWorker.java:129)
  org.testng.internal.TestMethodWorker.run(TestMethodWorker.java:112)
  org.testng.TestRunner.privateRun(TestRunner.java:782)
  org.testng.TestRunner.run(TestRunner.java:632)
  org.testng.SuiteRunner.runTest(SuiteRunner.java:366)
  org.testng.SuiteRunner.runSequentially(SuiteRunner.java:361)
  org.testng.SuiteRunner.privateRun(SuiteRunner.java:319)
  org.testng.SuiteRunner.run(SuiteRunner.java:268)
  org.testng.SuiteRunnerWorker.runSuite(SuiteRunnerWorker.java:52)
  org.testng.SuiteRunnerWorker.run(SuiteRunnerWorker.java:86)
  org.testng.TestNG.runSuitesSequentially(TestNG.java:1244)
  org.testng.TestNG.runSuitesLocally(TestNG.java:1169)
  org.testng.TestNG.run(TestNG.java:1064)
  com.intellij.rt.testng.IDEARemoteTestNG.run(IDEARemoteTestNG.java:66)
  com.intellij.rt.testng.RemoteTestNGStarter.main(RemoteTestNGStarter.java:110)
]]>
      </failure>

          </testcase>
            <testcase name="TC33_Check_Validate_TotalDay_Is_Decimal" time="20,542" classname="Testcase.Business.Tour.Tab_Tour_Information.CheckValidation_Tour_Information_01">
                <failure type="java.lang.AssertionError"
                  message="expected [Cập nhật thất bại!] but found [Chưa nhập đủ các thông tin cần thiết. Vui lòng kiểm tra lại các thông tin bắt buộc nhập.]"
              >
<![CDATA[java.lang.AssertionError: expected [Cập nhật thất bại!] but found [Chưa nhập đủ các thông tin cần thiết. Vui lòng kiểm tra lại các thông tin bắt buộc nhập.]
  org.testng.Assert.fail(Assert.java:94)
  org.testng.Assert.failNotEquals(Assert.java:513)
  org.testng.Assert.assertEqualsImpl(Assert.java:135)
  org.testng.Assert.assertEquals(Assert.java:116)
  org.testng.Assert.assertEquals(Assert.java:179)
  Common.HelperFunction.AbstractTest.checkEquals(AbstractTest.java:159)
  Common.HelperFunction.AbstractTest.verifyEquals(AbstractTest.java:171)
  Testcase.Business.Tour.Tab_Tour_Information.CheckValidation_Tour_Information_01.TC33_Check_Validate_TotalDay_Is_Decimal(CheckValidation_Tour_Information.java:901)
  java.base/jdk.internal.reflect.NativeMethodAccessorImpl.invoke0(Native Method)
  java.base/jdk.internal.reflect.NativeMethodAccessorImpl.invoke(NativeMethodAccessorImpl.java:64)
  java.base/jdk.internal.reflect.DelegatingMethodAccessorImpl.invoke(DelegatingMethodAccessorImpl.java:43)
  java.base/java.lang.reflect.Method.invoke(Method.java:564)
  org.testng.internal.MethodInvocationHelper.invokeMethod(MethodInvocationHelper.java:86)
  org.testng.internal.Invoker.invokeMethod(Invoker.java:643)
  org.testng.internal.Invoker.invokeTestMethod(Invoker.java:820)
  org.testng.internal.Invoker.invokeTestMethods(Invoker.java:1128)
  org.testng.internal.TestMethodWorker.invokeTestMethods(TestMethodWorker.java:129)
  org.testng.internal.TestMethodWorker.run(TestMethodWorker.java:112)
  org.testng.TestRunner.privateRun(TestRunner.java:782)
  org.testng.TestRunner.run(TestRunner.java:632)
  org.testng.SuiteRunner.runTest(SuiteRunner.java:366)
  org.testng.SuiteRunner.runSequentially(SuiteRunner.java:361)
  org.testng.SuiteRunner.privateRun(SuiteRunner.java:319)
  org.testng.SuiteRunner.run(SuiteRunner.java:268)
  org.testng.SuiteRunnerWorker.runSuite(SuiteRunnerWorker.java:52)
  org.testng.SuiteRunnerWorker.run(SuiteRunnerWorker.java:86)
  org.testng.TestNG.runSuitesSequentially(TestNG.java:1244)
  org.testng.TestNG.runSuitesLocally(TestNG.java:1169)
  org.testng.TestNG.run(TestNG.java:1064)
  com.intellij.rt.testng.IDEARemoteTestNG.run(IDEARemoteTestNG.java:66)
  com.intellij.rt.testng.RemoteTestNGStarter.main(RemoteTestNGStarter.java:110)
]]>
      </failure>

          </testcase>
            <testcase name="TC51_Check_Validate_Closing_Day_Is_Null" time="22,642" classname="Testcase.Business.Tour.Tab_Tour_Information.CheckValidation_Tour_Information_01">
                <failure type="org.openqa.selenium.TimeoutException"
                  message="Expected condition failed: waiting for visibility of element located by By.xpath: //div[@id=&apos;tour-information&apos;]//input[@name =&apos;tn130&apos;]/following-sibling::div[contains(@class,&apos;invalid-feedback&apos;)] (tried for 20 second(s) with 500 milliseconds interval)"
              >
<![CDATA[org.openqa.selenium.TimeoutException: Expected condition failed: waiting for visibility of element located by By.xpath: //div[@id='tour-information']//input[@name ='tn130']/following-sibling::div[contains(@class,'invalid-feedback')] (tried for 20 second(s) with 500 milliseconds interval)
  org.openqa.selenium.support.ui.WebDriverWait.timeoutException(WebDriverWait.java:95)
  org.openqa.selenium.support.ui.FluentWait.until(FluentWait.java:272)
  Common.HelperFunction.AbstractPage.waitElementToVisible(AbstractPage.java:666)
  Project.Business.Tour.Management.Detail.TourInfoTabPO.checkAlertOnFiledIsDisplay(TourInfoTabPO.java:266)
  Testcase.Business.Tour.Tab_Tour_Information.CheckValidation_Tour_Information_01.TC51_Check_Validate_Closing_Day_Is_Null(CheckValidation_Tour_Information.java:1297)
  java.base/jdk.internal.reflect.NativeMethodAccessorImpl.invoke0(Native Method)
  java.base/jdk.internal.reflect.NativeMethodAccessorImpl.invoke(NativeMethodAccessorImpl.java:64)
  java.base/jdk.internal.reflect.DelegatingMethodAccessorImpl.invoke(DelegatingMethodAccessorImpl.java:43)
  java.base/java.lang.reflect.Method.invoke(Method.java:564)
  org.testng.internal.MethodInvocationHelper.invokeMethod(MethodInvocationHelper.java:86)
  org.testng.internal.Invoker.invokeMethod(Invoker.java:643)
  org.testng.internal.Invoker.invokeTestMethod(Invoker.java:820)
  org.testng.internal.Invoker.invokeTestMethods(Invoker.java:1128)
  org.testng.internal.TestMethodWorker.invokeTestMethods(TestMethodWorker.java:129)
  org.testng.internal.TestMethodWorker.run(TestMethodWorker.java:112)
  org.testng.TestRunner.privateRun(TestRunner.java:782)
  org.testng.TestRunner.run(TestRunner.java:632)
  org.testng.SuiteRunner.runTest(SuiteRunner.java:366)
  org.testng.SuiteRunner.runSequentially(SuiteRunner.java:361)
  org.testng.SuiteRunner.privateRun(SuiteRunner.java:319)
  org.testng.SuiteRunner.run(SuiteRunner.java:268)
  org.testng.SuiteRunnerWorker.runSuite(SuiteRunnerWorker.java:52)
  org.testng.SuiteRunnerWorker.run(SuiteRunnerWorker.java:86)
  org.testng.TestNG.runSuitesSequentially(TestNG.java:1244)
  org.testng.TestNG.runSuitesLocally(TestNG.java:1169)
  org.testng.TestNG.run(TestNG.java:1064)
  com.intellij.rt.testng.IDEARemoteTestNG.run(IDEARemoteTestNG.java:66)
  com.intellij.rt.testng.RemoteTestNGStarter.main(RemoteTestNGStarter.java:110)
Caused by: org.openqa.selenium.NoSuchElementException: no such element: Unable to locate element: {"method":"xpath","selector":"//div[@id='tour-information']//input[@name ='tn130']/following-sibling::div[contains(@class,'invalid-feedback')]"}
  (Session info: chrome=86.0.4240.75)
For documentation on this error, please visit: https://www.seleniumhq.org/exceptions/no_such_element.html
Build info: version: '3.141.59', revision: 'e82be7d358', time: '2018-11-14T08:17:03'
System info: host: 'DESKTOP-6QLQCIM', ip: '10.0.2.190', os.name: 'Windows 10', os.arch: 'amd64', os.version: '10.0', java.version: '15'
Driver info: org.openqa.selenium.chrome.ChromeDriver
Capabilities {acceptInsecureCerts: false, browserName: chrome, browserVersion: 86.0.4240.75, chrome: {chromedriverVersion: 86.0.4240.22 (398b0743353ff..., userDataDir: C:\Users\F3-TRUC\AppData\Lo...}, goog:chromeOptions: {debuggerAddress: localhost:56504}, javascriptEnabled: true, networkConnectionEnabled: false, pageLoadStrategy: normal, platform: WINDOWS, platformName: WINDOWS, proxy: Proxy(), setWindowRect: true, strictFileInteractability: false, timeouts: {implicit: 0, pageLoad: 300000, script: 30000}, unhandledPromptBehavior: dismiss and notify, webauthn:virtualAuthenticators: true}
Session ID: 1eba6862d260602342611503edba5122
*** Element info: {Using=xpath, value=//div[@id='tour-information']//input[@name ='tn130']/following-sibling::div[contains(@class,'invalid-feedback')]}
  jdk.internal.reflect.GeneratedConstructorAccessor10.newInstance(Unknown Source)
  java.base/jdk.internal.reflect.DelegatingConstructorAccessorImpl.newInstance(DelegatingConstructorAccessorImpl.java:45)
  java.base/java.lang.reflect.Constructor.newInstanceWithCaller(Constructor.java:500)
  java.base/java.lang.reflect.Constructor.newInstance(Constructor.java:481)
  org.openqa.selenium.remote.http.W3CHttpResponseCodec.createException(W3CHttpResponseCodec.java:187)
  org.openqa.selenium.remote.http.W3CHttpResponseCodec.decode(W3CHttpResponseCodec.java:122)
  org.openqa.selenium.remote.http.W3CHttpResponseCodec.decode(W3CHttpResponseCodec.java:49)
  org.openqa.selenium.remote.HttpCommandExecutor.execute(HttpCommandExecutor.java:158)
  org.openqa.selenium.remote.service.DriverCommandExecutor.execute(DriverCommandExecutor.java:83)
  org.openqa.selenium.remote.RemoteWebDriver.execute(RemoteWebDriver.java:552)
  org.openqa.selenium.remote.RemoteWebDriver.findElement(RemoteWebDriver.java:323)
  org.openqa.selenium.remote.RemoteWebDriver.findElementByXPath(RemoteWebDriver.java:428)
  org.openqa.selenium.By$ByXPath.findElement(By.java:353)
  org.openqa.selenium.remote.RemoteWebDriver.findElement(RemoteWebDriver.java:315)
  org.openqa.selenium.support.ui.ExpectedConditions$7.apply(ExpectedConditions.java:205)
  org.openqa.selenium.support.ui.ExpectedConditions$7.apply(ExpectedConditions.java:201)
  org.openqa.selenium.support.ui.FluentWait.until(FluentWait.java:249)
  Common.HelperFunction.AbstractPage.waitElementToVisible(AbstractPage.java:666)
  Project.Business.Tour.Management.Detail.TourInfoTabPO.checkAlertOnFiledIsDisplay(TourInfoTabPO.java:266)
  Testcase.Business.Tour.Tab_Tour_Information.CheckValidation_Tour_Information_01.TC51_Check_Validate_Closing_Day_Is_Null(CheckValidation_Tour_Information.java:1297)
  java.base/jdk.internal.reflect.NativeMethodAccessorImpl.invoke0(Native Method)
  java.base/jdk.internal.reflect.NativeMethodAccessorImpl.invoke(NativeMethodAccessorImpl.java:64)
  java.base/jdk.internal.reflect.DelegatingMethodAccessorImpl.invoke(DelegatingMethodAccessorImpl.java:43)
  java.base/java.lang.reflect.Method.invoke(Method.java:564)
  org.testng.internal.MethodInvocationHelper.invokeMethod(MethodInvocationHelper.java:86)
  org.testng.internal.Invoker.invokeMethod(Invoker.java:643)
  org.testng.internal.Invoker.invokeTestMethod(Invoker.java:820)
  org.testng.internal.Invoker.invokeTestMethods(Invoker.java:1128)
  org.testng.internal.TestMethodWorker.invokeTestMethods(TestMethodWorker.java:129)
  org.testng.internal.TestMethodWorker.run(TestMethodWorker.java:112)
  org.testng.TestRunner.privateRun(TestRunner.java:782)
  org.testng.TestRunner.run(TestRunner.java:632)
  org.testng.SuiteRunner.runTest(SuiteRunner.java:366)
  org.testng.SuiteRunner.runSequentially(SuiteRunner.java:361)
  org.testng.SuiteRunner.privateRun(SuiteRunner.java:319)
  org.testng.SuiteRunner.run(SuiteRunner.java:268)
  org.testng.SuiteRunnerWorker.runSuite(SuiteRunnerWorker.java:52)
  org.testng.SuiteRunnerWorker.run(SuiteRunnerWorker.java:86)
  org.testng.TestNG.runSuitesSequentially(TestNG.java:1244)
  org.testng.TestNG.runSuitesLocally(TestNG.java:1169)
  org.testng.TestNG.run(TestNG.java:1064)
  com.intellij.rt.testng.IDEARemoteTestNG.run(IDEARemoteTestNG.java:66)
  com.intellij.rt.testng.RemoteTestNGStarter.main(RemoteTestNGStarter.java:110)
]]>
      </failure>

          </testcase>
            <testcase name="TC53_Check_Validate_Closing_Day_Is_Decimal" time="14,586" classname="Testcase.Business.Tour.Tab_Tour_Information.CheckValidation_Tour_Information_01">
                <failure type="java.lang.AssertionError"
                  message="expected [Cập nhật thất bại!] but found [Chưa nhập đủ các thông tin cần thiết. Vui lòng kiểm tra lại các thông tin bắt buộc nhập.]"
              >
<![CDATA[java.lang.AssertionError: expected [Cập nhật thất bại!] but found [Chưa nhập đủ các thông tin cần thiết. Vui lòng kiểm tra lại các thông tin bắt buộc nhập.]
  org.testng.Assert.fail(Assert.java:94)
  org.testng.Assert.failNotEquals(Assert.java:513)
  org.testng.Assert.assertEqualsImpl(Assert.java:135)
  org.testng.Assert.assertEquals(Assert.java:116)
  org.testng.Assert.assertEquals(Assert.java:179)
  Common.HelperFunction.AbstractTest.checkEquals(AbstractTest.java:159)
  Common.HelperFunction.AbstractTest.verifyEquals(AbstractTest.java:171)
  Testcase.Business.Tour.Tab_Tour_Information.CheckValidation_Tour_Information_01.TC53_Check_Validate_Closing_Day_Is_Decimal(CheckValidation_Tour_Information.java:1395)
  java.base/jdk.internal.reflect.NativeMethodAccessorImpl.invoke0(Native Method)
  java.base/jdk.internal.reflect.NativeMethodAccessorImpl.invoke(NativeMethodAccessorImpl.java:64)
  java.base/jdk.internal.reflect.DelegatingMethodAccessorImpl.invoke(DelegatingMethodAccessorImpl.java:43)
  java.base/java.lang.reflect.Method.invoke(Method.java:564)
  org.testng.internal.MethodInvocationHelper.invokeMethod(MethodInvocationHelper.java:86)
  org.testng.internal.Invoker.invokeMethod(Invoker.java:643)
  org.testng.internal.Invoker.invokeTestMethod(Invoker.java:820)
  org.testng.internal.Invoker.invokeTestMethods(Invoker.java:1128)
  org.testng.internal.TestMethodWorker.invokeTestMethods(TestMethodWorker.java:129)
  org.testng.internal.TestMethodWorker.run(TestMethodWorker.java:112)
  org.testng.TestRunner.privateRun(TestRunner.java:782)
  org.testng.TestRunner.run(TestRunner.java:632)
  org.testng.SuiteRunner.runTest(SuiteRunner.java:366)
  org.testng.SuiteRunner.runSequentially(SuiteRunner.java:361)
  org.testng.SuiteRunner.privateRun(SuiteRunner.java:319)
  org.testng.SuiteRunner.run(SuiteRunner.java:268)
  org.testng.SuiteRunnerWorker.runSuite(SuiteRunnerWorker.java:52)
  org.testng.SuiteRunnerWorker.run(SuiteRunnerWorker.java:86)
  org.testng.TestNG.runSuitesSequentially(TestNG.java:1244)
  org.testng.TestNG.runSuitesLocally(TestNG.java:1169)
  org.testng.TestNG.run(TestNG.java:1064)
  com.intellij.rt.testng.IDEARemoteTestNG.run(IDEARemoteTestNG.java:66)
  com.intellij.rt.testng.RemoteTestNGStarter.main(RemoteTestNGStarter.java:110)
]]>
      </failure>

          </testcase>
            <testcase name="TC16_Check_Validate_SKU_Is_Null" time="0,395" classname="Testcase.Business.Tour.Tab_Tour_Information.CheckValidation_Tour_Information_01">
                <failure type="java.lang.AssertionError"
                  message="expected [Mã lưu kho là bắt buộc] but found [Giới hạn tối thiểu của Mã lưu kho là 3 kí tự]"
              >
<![CDATA[java.lang.AssertionError: expected [Mã lưu kho là bắt buộc] but found [Giới hạn tối thiểu của Mã lưu kho là 3 kí tự]
  org.testng.Assert.fail(Assert.java:94)
  org.testng.Assert.failNotEquals(Assert.java:513)
  org.testng.Assert.assertEqualsImpl(Assert.java:135)
  org.testng.Assert.assertEquals(Assert.java:116)
  org.testng.Assert.assertEquals(Assert.java:179)
  Common.HelperFunction.AbstractTest.checkEquals(AbstractTest.java:159)
  Common.HelperFunction.AbstractTest.verifyEquals(AbstractTest.java:171)
  Testcase.Business.Tour.Tab_Tour_Information.CheckValidation_Tour_Information_01.TC16_Check_Validate_SKU_Is_Null(CheckValidation_Tour_Information.java:458)
  java.base/jdk.internal.reflect.NativeMethodAccessorImpl.invoke0(Native Method)
  java.base/jdk.internal.reflect.NativeMethodAccessorImpl.invoke(NativeMethodAccessorImpl.java:64)
  java.base/jdk.internal.reflect.DelegatingMethodAccessorImpl.invoke(DelegatingMethodAccessorImpl.java:43)
  java.base/java.lang.reflect.Method.invoke(Method.java:564)
  org.testng.internal.MethodInvocationHelper.invokeMethod(MethodInvocationHelper.java:86)
  org.testng.internal.Invoker.invokeMethod(Invoker.java:643)
  org.testng.internal.Invoker.invokeTestMethod(Invoker.java:820)
  org.testng.internal.Invoker.invokeTestMethods(Invoker.java:1128)
  org.testng.internal.TestMethodWorker.invokeTestMethods(TestMethodWorker.java:129)
  org.testng.internal.TestMethodWorker.run(TestMethodWorker.java:112)
  org.testng.TestRunner.privateRun(TestRunner.java:782)
  org.testng.TestRunner.run(TestRunner.java:632)
  org.testng.SuiteRunner.runTest(SuiteRunner.java:366)
  org.testng.SuiteRunner.runSequentially(SuiteRunner.java:361)
  org.testng.SuiteRunner.privateRun(SuiteRunner.java:319)
  org.testng.SuiteRunner.run(SuiteRunner.java:268)
  org.testng.SuiteRunnerWorker.runSuite(SuiteRunnerWorker.java:52)
  org.testng.SuiteRunnerWorker.run(SuiteRunnerWorker.java:86)
  org.testng.TestNG.runSuitesSequentially(TestNG.java:1244)
  org.testng.TestNG.runSuitesLocally(TestNG.java:1169)
  org.testng.TestNG.run(TestNG.java:1064)
  com.intellij.rt.testng.IDEARemoteTestNG.run(IDEARemoteTestNG.java:66)
  com.intellij.rt.testng.RemoteTestNGStarter.main(RemoteTestNGStarter.java:110)
]]>
      </failure>

          </testcase>
  
  
            <testcase name="TC38_Check_Validate_TotalDay_Is_Valid" time="0,327" classname="Testcase.Business.Tour.Tab_Tour_Information.CheckValidation_Tour_Information_01" />
                <testcase name="TC_Check_Short_Des_Has_End_Space" time="0,439" classname="Testcase.Business.Tour.Tab_Tour_Information.CheckValidation_Tour_Information_01" />
                <testcase name="TC15_Check_Validate_Policy_Is_Script" time="0,722" classname="Testcase.Business.Tour.Tab_Tour_Information.CheckValidation_Tour_Information_01" />
                <testcase name="TC02_Check_Validate_Separate_Regulations_Is_Number" time="0,386" classname="Testcase.Business.Tour.Tab_Tour_Information.CheckValidation_Tour_Information_01" />
                <testcase name="TC35_Check_Validate_TotalDay_Is_Special_Char" time="0,333" classname="Testcase.Business.Tour.Tab_Tour_Information.CheckValidation_Tour_Information_01" />
                <testcase name="TC_Check_Short_Des_Is_More_Max" time="0,052" classname="Testcase.Business.Tour.Tab_Tour_Information.CheckValidation_Tour_Information_01" />
                <testcase name="TC63_Check_Checkbox_When_Checked_Uncheck_Checked_On_Checkbox_International_Tour" time="2,543" classname="Testcase.Business.Tour.Tab_Tour_Information.CheckValidation_Tour_Information_01" />
                <testcase name="TC19_Check_Validate_SKU_Is_Negative" time="0,632" classname="Testcase.Business.Tour.Tab_Tour_Information.CheckValidation_Tour_Information_01" />
                <testcase name="TC17_Check_Validate_SKU_Is_Number" time="0,473" classname="Testcase.Business.Tour.Tab_Tour_Information.CheckValidation_Tour_Information_01" />
                <testcase name="TC_Check_Short_Des_Is_Number" time="0,350" classname="Testcase.Business.Tour.Tab_Tour_Information.CheckValidation_Tour_Information_01" />
                <testcase name="TC02_Check_Validate_Name_Tour_Is_Number" time="0,537" classname="Testcase.Business.Tour.Tab_Tour_Information.CheckValidation_Tour_Information_01" />
                <testcase name="TC43_Check_Validate_Basic_Price_Is_Decimal" time="4,612" classname="Testcase.Business.Tour.Tab_Tour_Information.CheckValidation_Tour_Information_01" />
                <testcase name="TC64_Check_Checkbox_When_Checked_Uncheck_Checked_On_Checkbox_Can_Merge_Tour" time="2,517" classname="Testcase.Business.Tour.Tab_Tour_Information.CheckValidation_Tour_Information_01" />
                <testcase name="TC_Check_Short_Des_Is_Script" time="0,445" classname="Testcase.Business.Tour.Tab_Tour_Information.CheckValidation_Tour_Information_01" />
                <testcase name="TC09_Check_Validate_Separate_Regulations_Has_Start_Space" time="0,569" classname="Testcase.Business.Tour.Tab_Tour_Information.CheckValidation_Tour_Information_01" />
                <testcase name="TC62_Check_Checkbox_Can_Merge_Tour_When_Checked" time="3,307" classname="Testcase.Business.Tour.Tab_Tour_Information.CheckValidation_Tour_Information_01" />
                <testcase name="TC16_Check_Validate_Policy_Is_Char" time="0,557" classname="Testcase.Business.Tour.Tab_Tour_Information.CheckValidation_Tour_Information_01" />
                <testcase name="TC46_Check_Validate_Basic_Price_Is_Script" time="4,232" classname="Testcase.Business.Tour.Tab_Tour_Information.CheckValidation_Tour_Information_01" />
                <testcase name="TC52_Check_Validate_Closing_Day_Is_Number" time="0,319" classname="Testcase.Business.Tour.Tab_Tour_Information.CheckValidation_Tour_Information_01" />
                <testcase name="TC42_Check_Validate_Basic_Price_Is_Number" time="5,012" classname="Testcase.Business.Tour.Tab_Tour_Information.CheckValidation_Tour_Information_01" />
                <testcase name="TC23_Check_Validate_SKU_Is_Valid" time="0,649" classname="Testcase.Business.Tour.Tab_Tour_Information.CheckValidation_Tour_Information_01" />
                <testcase name="TC12_Check_Validate_Policy_Is_Number" time="0,524" classname="Testcase.Business.Tour.Tab_Tour_Information.CheckValidation_Tour_Information_01" />
                <testcase name="TC20_Check_Validate_Policy_Has_End_Space" time="0,471" classname="Testcase.Business.Tour.Tab_Tour_Information.CheckValidation_Tour_Information_01" />
                <testcase name="TC67_Check_Validate_Address_Is_Null" time="0,980" classname="Testcase.Business.Tour.Tab_Tour_Information.CheckValidation_Tour_Information_01" />
                <testcase name="TC06_Check_Validate_Name_Tour_Is_Script" time="0,448" classname="Testcase.Business.Tour.Tab_Tour_Information.CheckValidation_Tour_Information_01" />
                <testcase name="TC59_Check_Validate_Closing_Day_Is_Equal_Max" time="0,316" classname="Testcase.Business.Tour.Tab_Tour_Information.CheckValidation_Tour_Information_01" />
                <testcase name="TC25_Check_Validate_SKU_Has_3_Char" time="0,661" classname="Testcase.Business.Tour.Tab_Tour_Information.CheckValidation_Tour_Information_01" />
                <testcase name="TC_Check_Short_Des_Is_Valid" time="0,456" classname="Testcase.Business.Tour.Tab_Tour_Information.CheckValidation_Tour_Information_01" />
                <testcase name="TC03_Check_Validate_Name_Tour_Is_Decimal" time="0,390" classname="Testcase.Business.Tour.Tab_Tour_Information.CheckValidation_Tour_Information_01" />
                <testcase name="TC08_Check_Validate_Separate_Regulations_Is_Valid" time="0,935" classname="Testcase.Business.Tour.Tab_Tour_Information.CheckValidation_Tour_Information_01" />
                <testcase name="TC45_Check_Validate_Basic_Price_Is_Special_Char" time="4,080" classname="Testcase.Business.Tour.Tab_Tour_Information.CheckValidation_Tour_Information_01" />
                <testcase name="TC_Check_Short_Des_Is_Decimal" time="0,357" classname="Testcase.Business.Tour.Tab_Tour_Information.CheckValidation_Tour_Information_01" />
                <testcase name="TC32_Check_Validate_TotalDay_Is_Number" time="0,585" classname="Testcase.Business.Tour.Tab_Tour_Information.CheckValidation_Tour_Information_01" />
                <testcase name="TC07_Check_Validate_Separate_Regulations_Less_Min" time="0,482" classname="Testcase.Business.Tour.Tab_Tour_Information.CheckValidation_Tour_Information_01" />
                <testcase name="TC48_Check_Validate_Basic_Price_Is_Valid" time="4,779" classname="Testcase.Business.Tour.Tab_Tour_Information.CheckValidation_Tour_Information_01" />
                <testcase name="TC20_Check_Validate_SKU_Is_Special_Char" time="0,644" classname="Testcase.Business.Tour.Tab_Tour_Information.CheckValidation_Tour_Information_01" />
                <testcase name="TC39_Check_Validate_TotalDay_Is_Valid" time="0,342" classname="Testcase.Business.Tour.Tab_Tour_Information.CheckValidation_Tour_Information_01" />
                <testcase name="TC10_Check_Validate_Separate_Regulations_Has_End_Space" time="0,512" classname="Testcase.Business.Tour.Tab_Tour_Information.CheckValidation_Tour_Information_01" />
                <testcase name="TC_Check_Short_Des_Has_Start_Space" time="0,359" classname="Testcase.Business.Tour.Tab_Tour_Information.CheckValidation_Tour_Information_01" />
                <testcase name="TC18_Check_Validate_SKU_Is_Decimal" time="0,591" classname="Testcase.Business.Tour.Tab_Tour_Information.CheckValidation_Tour_Information_01" />
                <testcase name="TC06_Check_Validate_Separate_Regulations_Is_Char" time="0,385" classname="Testcase.Business.Tour.Tab_Tour_Information.CheckValidation_Tour_Information_01" />
                <testcase name="TC71_Check_Validate_Address_Is_Special_Char" time="0,335" classname="Testcase.Business.Tour.Tab_Tour_Information.CheckValidation_Tour_Information_01" />
                <testcase name="TC61_Check_Checkbox_Internal_Tour_When_Checked" time="1,930" classname="Testcase.Business.Tour.Tab_Tour_Information.CheckValidation_Tour_Information_01" />
                <testcase name="TC54_Check_Validate_Closing_Day_Is_Negative" time="3,347" classname="Testcase.Business.Tour.Tab_Tour_Information.CheckValidation_Tour_Information_01" />
                <testcase name="TC18_Check_Validate_Policy_Is_Valid" time="1,308" classname="Testcase.Business.Tour.Tab_Tour_Information.CheckValidation_Tour_Information_01" />
                <testcase name="TC24_Check_Validate_SKU_Has_2_Char" time="0,712" classname="Testcase.Business.Tour.Tab_Tour_Information.CheckValidation_Tour_Information_01" />
                <testcase name="TC03_Check_Validate_Separate_Regulations_Is_Decimal" time="0,392" classname="Testcase.Business.Tour.Tab_Tour_Information.CheckValidation_Tour_Information_01" />
                <testcase name="TC47_Check_Validate_Basic_Price_Is_Char" time="4,840" classname="Testcase.Business.Tour.Tab_Tour_Information.CheckValidation_Tour_Information_01" />
                <testcase name="TC01_Check_Validate_Separate_Regulations_Is_Null" time="0,441" classname="Testcase.Business.Tour.Tab_Tour_Information.CheckValidation_Tour_Information_01" />
                <testcase name="TC55_Check_Validate_Closing_Day_Is_Special_Char" time="0,302" classname="Testcase.Business.Tour.Tab_Tour_Information.CheckValidation_Tour_Information_01" />
                <testcase name="TC68_Check_Validate_Address_Is_Number" time="0,344" classname="Testcase.Business.Tour.Tab_Tour_Information.CheckValidation_Tour_Information_01" />
                <testcase name="TC10_Check_Validate_Name_Tour_Has_5_Char" time="0,485" classname="Testcase.Business.Tour.Tab_Tour_Information.CheckValidation_Tour_Information_01" />
                <testcase name="TC13_Check_Validate_Policy_Is_Decimal" time="0,462" classname="Testcase.Business.Tour.Tab_Tour_Information.CheckValidation_Tour_Information_01" />
                <testcase name="TC73_Check_Validate_Address_Is_Char" time="0,358" classname="Testcase.Business.Tour.Tab_Tour_Information.CheckValidation_Tour_Information_01" />
                <testcase name="TC34_Check_Validate_TotalDay_Is_Negative" time="1,537" classname="Testcase.Business.Tour.Tab_Tour_Information.CheckValidation_Tour_Information_01" />
                <testcase name="TC69_Check_Validate_Address_Is_Decimal" time="0,321" classname="Testcase.Business.Tour.Tab_Tour_Information.CheckValidation_Tour_Information_01" />
                <testcase name="TC14_Check_Validate_Policy_Is_Special_Char" time="0,484" classname="Testcase.Business.Tour.Tab_Tour_Information.CheckValidation_Tour_Information_01" />
                <testcase name="TC60_Check_Validate_Closing_Day_Is_Valid" time="0,360" classname="Testcase.Business.Tour.Tab_Tour_Information.CheckValidation_Tour_Information_01" />
                <testcase name="TC_Check_Short_Des_Is_Special_Char" time="0,401" classname="Testcase.Business.Tour.Tab_Tour_Information.CheckValidation_Tour_Information_01" />
                <testcase name="TC21_Check_Validate_SKU_Is_Script" time="0,630" classname="Testcase.Business.Tour.Tab_Tour_Information.CheckValidation_Tour_Information_01" />
                <testcase name="TC11_Check_Validate_Name_Tour_Has_255_Char" time="0,626" classname="Testcase.Business.Tour.Tab_Tour_Information.CheckValidation_Tour_Information_01" />
                <testcase name="TC66_Check_Checkbox_When_Checked_Uncheck_Checked_On_Checkbox_Can_Merge_Tour" time="3,143" classname="Testcase.Business.Tour.Tab_Tour_Information.CheckValidation_Tour_Information_01" />
                <testcase name="TC72_Check_Validate_Address_Is_Script" time="0,355" classname="Testcase.Business.Tour.Tab_Tour_Information.CheckValidation_Tour_Information_01" />
                <testcase name="TC19_Check_Validate_Policy_Has_Start_Space" time="0,689" classname="Testcase.Business.Tour.Tab_Tour_Information.CheckValidation_Tour_Information_01" />
                <testcase name="TC07_Check_Validate_Name_Tour_Is_Char" time="0,439" classname="Testcase.Business.Tour.Tab_Tour_Information.CheckValidation_Tour_Information_01" />
                <testcase name="TC44_Check_Validate_Basic_Price_Is_Negative" time="3,958" classname="Testcase.Business.Tour.Tab_Tour_Information.CheckValidation_Tour_Information_01" />
                <testcase name="TC56_Check_Validate_Closing_Day_Is_Script" time="0,279" classname="Testcase.Business.Tour.Tab_Tour_Information.CheckValidation_Tour_Information_01" />
                <testcase name="TC50_Check_Validate_Basic_Price_Is_Equal_Max" time="2,315" classname="Testcase.Business.Tour.Tab_Tour_Information.CheckValidation_Tour_Information_01" />
                <testcase name="TC13_Check_Validate_Name_Tour_Has_5_Space_Char" time="0,503" classname="Testcase.Business.Tour.Tab_Tour_Information.CheckValidation_Tour_Information_01" />
                <testcase name="TC31_Check_Validate_TotalDay_Is_Null" time="0,449" classname="Testcase.Business.Tour.Tab_Tour_Information.CheckValidation_Tour_Information_01" />
                <testcase name="TC41_Check_Validate_Basic_Price_Is_Null" time="4,797" classname="Testcase.Business.Tour.Tab_Tour_Information.CheckValidation_Tour_Information_01" />
                <testcase name="TC37_Check_Validate_TotalDay_Is_Char" time="0,328" classname="Testcase.Business.Tour.Tab_Tour_Information.CheckValidation_Tour_Information_01" />
                <testcase name="TC74_Check_Validate_Address_Is_Valid_And_Only" time="2,317" classname="Testcase.Business.Tour.Tab_Tour_Information.CheckValidation_Tour_Information_01" />
                <testcase name="TC04_Check_Validate_Separate_Regulations_Is_Special_Char" time="0,399" classname="Testcase.Business.Tour.Tab_Tour_Information.CheckValidation_Tour_Information_01" />
                <testcase name="TC70_Check_Validate_Address_Is_Negative" time="0,312" classname="Testcase.Business.Tour.Tab_Tour_Information.CheckValidation_Tour_Information_01" />
                <testcase name="TC08_Check_Validate_Name_Tour_Is_Valid" time="0,454" classname="Testcase.Business.Tour.Tab_Tour_Information.CheckValidation_Tour_Information_01" />
                <testcase name="TC_Check_Short_Des_Is_Char" time="0,334" classname="Testcase.Business.Tour.Tab_Tour_Information.CheckValidation_Tour_Information_01" />
                <testcase name="TC04_Check_Validate_Name_Tour_Is_Negative" time="0,382" classname="Testcase.Business.Tour.Tab_Tour_Information.CheckValidation_Tour_Information_01" />
                <testcase name="TC_Check_Short_Des_Is_Less_Min" time="0,389" classname="Testcase.Business.Tour.Tab_Tour_Information.CheckValidation_Tour_Information_01" />
                <testcase name="TC11_Check_Validate_Policy_Is_Null" time="0,491" classname="Testcase.Business.Tour.Tab_Tour_Information.CheckValidation_Tour_Information_01" />
                <testcase name="TC05_Check_Validate_Separate_Regulations_Is_Script" time="0,491" classname="Testcase.Business.Tour.Tab_Tour_Information.CheckValidation_Tour_Information_01" />
                <testcase name="TC_Check_Short_Des_Is_Negative" time="0,375" classname="Testcase.Business.Tour.Tab_Tour_Information.CheckValidation_Tour_Information_01" />
                <testcase name="TC36_Check_Validate_TotalDay_Is_Script" time="0,342" classname="Testcase.Business.Tour.Tab_Tour_Information.CheckValidation_Tour_Information_01" />
                <testcase name="TC22_Check_Validate_SKU_Is_Char" time="0,649" classname="Testcase.Business.Tour.Tab_Tour_Information.CheckValidation_Tour_Information_01" />
                <testcase name="TC05_Check_Validate_Name_Tour_Is_Special_Char" time="0,418" classname="Testcase.Business.Tour.Tab_Tour_Information.CheckValidation_Tour_Information_01" />
                <testcase name="TC76_Check_Validate_Address_Is_Invalid" time="3,748" classname="Testcase.Business.Tour.Tab_Tour_Information.CheckValidation_Tour_Information_01" />
                <testcase name="TC57_Check_Validate_Closing_Day_Is_Char" time="0,281" classname="Testcase.Business.Tour.Tab_Tour_Information.CheckValidation_Tour_Information_01" />
                <testcase name="TC17_Check_Validate_Separate_Regulations_Less_Min" time="0,563" classname="Testcase.Business.Tour.Tab_Tour_Information.CheckValidation_Tour_Information_01" />
                <testcase name="TC26_Check_Validate_SKU_Has_255_Char" time="0,942" classname="Testcase.Business.Tour.Tab_Tour_Information.CheckValidation_Tour_Information_01" />
                <testcase name="TC65_Check_Checkbox_When_Checked_Uncheck_Checked_On_Checkbox_International_Tour" time="3,216" classname="Testcase.Business.Tour.Tab_Tour_Information.CheckValidation_Tour_Information_01" />
      
</testsuite>
