<?xml version="1.0" encoding="UTF-8"?>
<testsuite name="Test with firefox"
           tests="1"
           failures="1"
           errors="0"
           skipped="0"
           time="94.579">
  <properties />
            <testcase name="TC01_Newsfeed_Sign_Up_New_Account" time="94.579" classname="testcase.SignUp.Regression_Test_Of_SignUp">
                <failure type="org.openqa.selenium.TimeoutException"
                  message="Expected condition failed: waiting for element to be clickable: By.xpath: //div[contains(@data-bind,&apos;workplaceVM.cid&apos;)]//select[contains(@data-bind,&apos;workplaceVM.yearTo&apos;)]/following-sibling::div/div[contains(@class,&apos;selectize-input&apos;)] (tried for 20 second(s) with 500 milliseconds interval)"
              >
                  <![CDATA[org.openqa.selenium.TimeoutException: Expected condition failed: waiting for element to be clickable: By.xpath: //div[contains(@data-bind,'workplaceVM.cid')]//select[contains(@data-bind,'workplaceVM.yearTo')]/following-sibling::div/div[contains(@class,'selectize-input')] (tried for 20 second(s) with 500 milliseconds interval)
  org.openqa.selenium.support.ui.WebDriverWait.timeoutException(WebDriverWait.java:95)
  org.openqa.selenium.support.ui.FluentWait.until(FluentWait.java:272)
  Common.HelperFunction.AbstractPage.waitForElementClickable(AbstractPage.java:549)
  Common.HelperFunction.AbstractPage.selectItemInCustomDropdown(AbstractPage.java:321)
  Project.Newsfeed.PersonalWall.About.PerAbout_WorkAndEducationPO.chooseEndimeOfWorkplace(PerAbout_WorkAndEducation_PageObject.java:87)
  testcase.SignUp.Regression_Test_Of_SignUp.TC01_Newsfeed_Sign_Up_New_Account(Regression_Test_Of_SignUp.java:232)
  java.base/jdk.internal.reflect.NativeMethodAccessorImpl.invoke0(Native Method)
  java.base/jdk.internal.reflect.NativeMethodAccessorImpl.invoke(NativeMethodAccessorImpl.java:64)
  java.base/jdk.internal.reflect.DelegatingMethodAccessorImpl.invoke(DelegatingMethodAccessorImpl.java:43)
  java.base/java.lang.reflect.Method.invoke(Method.java:564)
  org.testng.internal.MethodInvocationHelper.invokeMethod(MethodInvocationHelper.java:86)
  org.testng.internal.Invoker.invokeMethod(Invoker.java:643)
  org.testng.internal.Invoker.invokeTestMethod(Invoker.java:820)
  org.testng.internal.Invoker.invokeTestMethods(Invoker.java:1128)
  org.testng.internal.TestMethodWorker.invokeTestMethods(TestMethodWorker.java:129)
  org.testng.internal.TestMethodWorker.run(TestMethodWorker.java:112)
  org.testng.TestRunner.privateRun(TestRunner.java:782)
  org.testng.TestRunner.run(TestRunner.java:632)
  org.testng.SuiteRunner.runTest(SuiteRunner.java:366)
  org.testng.SuiteRunner.runSequentially(SuiteRunner.java:361)
  org.testng.SuiteRunner.privateRun(SuiteRunner.java:319)
  org.testng.SuiteRunner.run(SuiteRunner.java:268)
  org.testng.SuiteRunnerWorker.runSuite(SuiteRunnerWorker.java:52)
  org.testng.SuiteRunnerWorker.run(SuiteRunnerWorker.java:86)
  org.testng.TestNG.runSuitesSequentially(TestNG.java:1244)
  org.testng.TestNG.runSuitesLocally(TestNG.java:1169)
  org.testng.TestNG.run(TestNG.java:1064)
  com.intellij.rt.testng.IDEARemoteTestNG.run(IDEARemoteTestNG.java:66)
  com.intellij.rt.testng.RemoteTestNGStarter.main(RemoteTestNGStarter.java:109)
Caused by: org.openqa.selenium.NoSuchElementException: no such element: Unable to locate element: {"method":"xpath","selector":"//div[contains(@data-bind,'workplaceVM.cid')]//select[contains(@data-bind,'workplaceVM.yearTo')]/following-sibling::div/div[contains(@class,'selectize-input')]"}
  (Session info: chrome=85.0.4183.121)
For documentation on this error, please visit: https://www.seleniumhq.org/exceptions/no_such_element.html
Build info: version: '3.141.59', revision: 'e82be7d358', time: '2018-11-14T08:17:03'
System info: host: 'DESKTOP-LF4PDD0', ip: '172.16.99.20', os.name: 'Windows 10', os.arch: 'amd64', os.version: '10.0', java.version: '15'
Driver info: org.openqa.selenium.chrome.ChromeDriver
Capabilities {acceptInsecureCerts: false, browserName: chrome, browserVersion: 85.0.4183.121, chrome: {chromedriverVersion: 85.0.4183.87 (cd6713ebf92fa..., userDataDir: C:\Users\WIN10~1\AppData\Lo...}, goog:chromeOptions: {debuggerAddress: localhost:53486}, javascriptEnabled: true, networkConnectionEnabled: false, pageLoadStrategy: normal, platform: WINDOWS, platformName: WINDOWS, proxy: Proxy(), setWindowRect: true, strictFileInteractability: false, timeouts: {implicit: 0, pageLoad: 300000, script: 30000}, unhandledPromptBehavior: dismiss and notify, webauthn:virtualAuthenticators: true}
Session ID: fe0045a0f1e73d8e8d6624d4aae063fb
*** Element info: {Using=xpath, value=//div[contains(@data-bind,'workplaceVM.cid')]//select[contains(@data-bind,'workplaceVM.yearTo')]/following-sibling::div/div[contains(@class,'selectize-input')]}
  java.base/jdk.internal.reflect.NativeConstructorAccessorImpl.newInstance0(Native Method)
  java.base/jdk.internal.reflect.NativeConstructorAccessorImpl.newInstance(NativeConstructorAccessorImpl.java:64)
  java.base/jdk.internal.reflect.DelegatingConstructorAccessorImpl.newInstance(DelegatingConstructorAccessorImpl.java:45)
  java.base/java.lang.reflect.Constructor.newInstanceWithCaller(Constructor.java:500)
  java.base/java.lang.reflect.Constructor.newInstance(Constructor.java:481)
  org.openqa.selenium.remote.http.W3CHttpResponseCodec.createException(W3CHttpResponseCodec.java:187)
  org.openqa.selenium.remote.http.W3CHttpResponseCodec.decode(W3CHttpResponseCodec.java:122)
  org.openqa.selenium.remote.http.W3CHttpResponseCodec.decode(W3CHttpResponseCodec.java:49)
  org.openqa.selenium.remote.HttpCommandExecutor.execute(HttpCommandExecutor.java:158)
  org.openqa.selenium.remote.service.DriverCommandExecutor.execute(DriverCommandExecutor.java:83)
  org.openqa.selenium.remote.RemoteWebDriver.execute(RemoteWebDriver.java:552)
  org.openqa.selenium.remote.RemoteWebDriver.findElement(RemoteWebDriver.java:323)
  org.openqa.selenium.remote.RemoteWebDriver.findElementByXPath(RemoteWebDriver.java:428)
  org.openqa.selenium.By$ByXPath.findElement(By.java:353)
  org.openqa.selenium.remote.RemoteWebDriver.findElement(RemoteWebDriver.java:315)
  org.openqa.selenium.support.ui.ExpectedConditions$7.apply(ExpectedConditions.java:205)
  org.openqa.selenium.support.ui.ExpectedConditions$7.apply(ExpectedConditions.java:201)
  org.openqa.selenium.support.ui.ExpectedConditions$22.apply(ExpectedConditions.java:641)
  org.openqa.selenium.support.ui.ExpectedConditions$22.apply(ExpectedConditions.java:638)
  org.openqa.selenium.support.ui.FluentWait.until(FluentWait.java:249)
  Common.HelperFunction.AbstractPage.waitForElementClickable(AbstractPage.java:549)
  Common.HelperFunction.AbstractPage.selectItemInCustomDropdown(AbstractPage.java:321)
  Project.Newsfeed.PersonalWall.About.PerAbout_WorkAndEducationPO.chooseEndimeOfWorkplace(PerAbout_WorkAndEducation_PageObject.java:87)
  testcase.SignUp.Regression_Test_Of_SignUp.TC01_Newsfeed_Sign_Up_New_Account(Regression_Test_Of_SignUp.java:232)
  java.base/jdk.internal.reflect.NativeMethodAccessorImpl.invoke0(Native Method)
  java.base/jdk.internal.reflect.NativeMethodAccessorImpl.invoke(NativeMethodAccessorImpl.java:64)
  java.base/jdk.internal.reflect.DelegatingMethodAccessorImpl.invoke(DelegatingMethodAccessorImpl.java:43)
  java.base/java.lang.reflect.Method.invoke(Method.java:564)
  org.testng.internal.MethodInvocationHelper.invokeMethod(MethodInvocationHelper.java:86)
  org.testng.internal.Invoker.invokeMethod(Invoker.java:643)
  org.testng.internal.Invoker.invokeTestMethod(Invoker.java:820)
  org.testng.internal.Invoker.invokeTestMethods(Invoker.java:1128)
  org.testng.internal.TestMethodWorker.invokeTestMethods(TestMethodWorker.java:129)
  org.testng.internal.TestMethodWorker.run(TestMethodWorker.java:112)
  org.testng.TestRunner.privateRun(TestRunner.java:782)
  org.testng.TestRunner.run(TestRunner.java:632)
  org.testng.SuiteRunner.runTest(SuiteRunner.java:366)
  org.testng.SuiteRunner.runSequentially(SuiteRunner.java:361)
  org.testng.SuiteRunner.privateRun(SuiteRunner.java:319)
  org.testng.SuiteRunner.run(SuiteRunner.java:268)
  org.testng.SuiteRunnerWorker.runSuite(SuiteRunnerWorker.java:52)
  org.testng.SuiteRunnerWorker.run(SuiteRunnerWorker.java:86)
  org.testng.TestNG.runSuitesSequentially(TestNG.java:1244)
  org.testng.TestNG.runSuitesLocally(TestNG.java:1169)
  org.testng.TestNG.run(TestNG.java:1064)
  com.intellij.rt.testng.IDEARemoteTestNG.run(IDEARemoteTestNG.java:66)
  com.intellij.rt.testng.RemoteTestNGStarter.main(RemoteTestNGStarter.java:109)
]]>
                </failure>

          </testcase>
  
  
  
</testsuite>
