<?xml version="1.0" encoding="UTF-8"?>
<testsuite name="Test with chrome"
           tests="30"
           failures="2"
           errors="0"
           skipped="0"
           time="15,740">
  <properties />
            <testcase name="TC28_Check_Validate_SKU_Has_5_Space_Char" time="0,512" classname="Testcase.Business.Tour.Tab_Tour_Information.CheckValidation_Tour_Information_01">
                <failure type="java.lang.AssertionError"
                  message="expected [Mã lưu kho là bắt buộc] but found [Giới hạn tối thiểu của Mã lưu kho là 3 kí tự]"
              >
<![CDATA[java.lang.AssertionError: expected [Mã lưu kho là bắt buộc] but found [Giới hạn tối thiểu của Mã lưu kho là 3 kí tự]
  org.testng.Assert.fail(Assert.java:94)
  org.testng.Assert.failNotEquals(Assert.java:513)
  org.testng.Assert.assertEqualsImpl(Assert.java:135)
  org.testng.Assert.assertEquals(Assert.java:116)
  org.testng.Assert.assertEquals(Assert.java:179)
  Common.HelperFunction.AbstractTest.checkEquals(AbstractTest.java:170)
  Common.HelperFunction.AbstractTest.verifyEquals(AbstractTest.java:182)
  Testcase.Business.Tour.Tab_Tour_Information.CheckValidation_Tour_Information_01.TC28_Check_Validate_SKU_Has_5_Space_Char(CheckValidation_Tour_Information_01.java:707)
  java.base/jdk.internal.reflect.NativeMethodAccessorImpl.invoke0(Native Method)
  java.base/jdk.internal.reflect.NativeMethodAccessorImpl.invoke(NativeMethodAccessorImpl.java:64)
  java.base/jdk.internal.reflect.DelegatingMethodAccessorImpl.invoke(DelegatingMethodAccessorImpl.java:43)
  java.base/java.lang.reflect.Method.invoke(Method.java:564)
  org.testng.internal.MethodInvocationHelper.invokeMethod(MethodInvocationHelper.java:86)
  org.testng.internal.Invoker.invokeMethod(Invoker.java:643)
  org.testng.internal.Invoker.invokeTestMethod(Invoker.java:820)
  org.testng.internal.Invoker.invokeTestMethods(Invoker.java:1128)
  org.testng.internal.TestMethodWorker.invokeTestMethods(TestMethodWorker.java:129)
  org.testng.internal.TestMethodWorker.run(TestMethodWorker.java:112)
  org.testng.TestRunner.privateRun(TestRunner.java:782)
  org.testng.TestRunner.run(TestRunner.java:632)
  org.testng.SuiteRunner.runTest(SuiteRunner.java:366)
  org.testng.SuiteRunner.runSequentially(SuiteRunner.java:361)
  org.testng.SuiteRunner.privateRun(SuiteRunner.java:319)
  org.testng.SuiteRunner.run(SuiteRunner.java:268)
  org.testng.SuiteRunnerWorker.runSuite(SuiteRunnerWorker.java:52)
  org.testng.SuiteRunnerWorker.run(SuiteRunnerWorker.java:86)
  org.testng.TestNG.runSuitesSequentially(TestNG.java:1244)
  org.testng.TestNG.runSuitesLocally(TestNG.java:1169)
  org.testng.TestNG.run(TestNG.java:1064)
  com.intellij.rt.testng.IDEARemoteTestNG.run(IDEARemoteTestNG.java:66)
  com.intellij.rt.testng.RemoteTestNGStarter.main(RemoteTestNGStarter.java:110)
]]>
      </failure>

          </testcase>
            <testcase name="TC16_Check_Validate_SKU_Is_Null" time="0,351" classname="Testcase.Business.Tour.Tab_Tour_Information.CheckValidation_Tour_Information_01">
                <failure type="java.lang.AssertionError"
                  message="expected [Mã lưu kho là bắt buộc] but found [Giới hạn tối thiểu của Mã lưu kho là 3 kí tự]"
              >
<![CDATA[java.lang.AssertionError: expected [Mã lưu kho là bắt buộc] but found [Giới hạn tối thiểu của Mã lưu kho là 3 kí tự]
  org.testng.Assert.fail(Assert.java:94)
  org.testng.Assert.failNotEquals(Assert.java:513)
  org.testng.Assert.assertEqualsImpl(Assert.java:135)
  org.testng.Assert.assertEquals(Assert.java:116)
  org.testng.Assert.assertEquals(Assert.java:179)
  Common.HelperFunction.AbstractTest.checkEquals(AbstractTest.java:170)
  Common.HelperFunction.AbstractTest.verifyEquals(AbstractTest.java:182)
  Testcase.Business.Tour.Tab_Tour_Information.CheckValidation_Tour_Information_01.TC16_Check_Validate_SKU_Is_Null(CheckValidation_Tour_Information_01.java:437)
  java.base/jdk.internal.reflect.NativeMethodAccessorImpl.invoke0(Native Method)
  java.base/jdk.internal.reflect.NativeMethodAccessorImpl.invoke(NativeMethodAccessorImpl.java:64)
  java.base/jdk.internal.reflect.DelegatingMethodAccessorImpl.invoke(DelegatingMethodAccessorImpl.java:43)
  java.base/java.lang.reflect.Method.invoke(Method.java:564)
  org.testng.internal.MethodInvocationHelper.invokeMethod(MethodInvocationHelper.java:86)
  org.testng.internal.Invoker.invokeMethod(Invoker.java:643)
  org.testng.internal.Invoker.invokeTestMethod(Invoker.java:820)
  org.testng.internal.Invoker.invokeTestMethods(Invoker.java:1128)
  org.testng.internal.TestMethodWorker.invokeTestMethods(TestMethodWorker.java:129)
  org.testng.internal.TestMethodWorker.run(TestMethodWorker.java:112)
  org.testng.TestRunner.privateRun(TestRunner.java:782)
  org.testng.TestRunner.run(TestRunner.java:632)
  org.testng.SuiteRunner.runTest(SuiteRunner.java:366)
  org.testng.SuiteRunner.runSequentially(SuiteRunner.java:361)
  org.testng.SuiteRunner.privateRun(SuiteRunner.java:319)
  org.testng.SuiteRunner.run(SuiteRunner.java:268)
  org.testng.SuiteRunnerWorker.runSuite(SuiteRunnerWorker.java:52)
  org.testng.SuiteRunnerWorker.run(SuiteRunnerWorker.java:86)
  org.testng.TestNG.runSuitesSequentially(TestNG.java:1244)
  org.testng.TestNG.runSuitesLocally(TestNG.java:1169)
  org.testng.TestNG.run(TestNG.java:1064)
  com.intellij.rt.testng.IDEARemoteTestNG.run(IDEARemoteTestNG.java:66)
  com.intellij.rt.testng.RemoteTestNGStarter.main(RemoteTestNGStarter.java:110)
]]>
      </failure>

          </testcase>
  
  
            <testcase name="TC03_Check_Validate_Name_Tour_Is_Decimal" time="0,320" classname="Testcase.Business.Tour.Tab_Tour_Information.CheckValidation_Tour_Information_01" />
                <testcase name="TC08_Check_Validate_Name_Tour_Is_Valid" time="0,437" classname="Testcase.Business.Tour.Tab_Tour_Information.CheckValidation_Tour_Information_01" />
                <testcase name="TC23_Check_Validate_SKU_Is_Valid" time="0,483" classname="Testcase.Business.Tour.Tab_Tour_Information.CheckValidation_Tour_Information_01" />
                <testcase name="TC10_Check_Validate_Name_Tour_Has_5_Char" time="0,412" classname="Testcase.Business.Tour.Tab_Tour_Information.CheckValidation_Tour_Information_01" />
                <testcase name="TC17_Check_Validate_SKU_Is_Number" time="0,386" classname="Testcase.Business.Tour.Tab_Tour_Information.CheckValidation_Tour_Information_01" />
                <testcase name="TC11_Check_Validate_Name_Tour_Has_255_Char" time="0,624" classname="Testcase.Business.Tour.Tab_Tour_Information.CheckValidation_Tour_Information_01" />
                <testcase name="TC13_Check_Validate_Name_Tour_Has_5_Space_Char" time="0,419" classname="Testcase.Business.Tour.Tab_Tour_Information.CheckValidation_Tour_Information_01" />
                <testcase name="TC22_Check_Validate_SKU_Is_Char" time="0,484" classname="Testcase.Business.Tour.Tab_Tour_Information.CheckValidation_Tour_Information_01" />
                <testcase name="TC02_Check_Validate_Name_Tour_Is_Null" time="0,376" classname="Testcase.Business.Tour.Tab_Tour_Information.CheckValidation_Tour_Information_01" />
                <testcase name="TC30_Check_Validate_SKU_Has_Space_Last" time="0,597" classname="Testcase.Business.Tour.Tab_Tour_Information.CheckValidation_Tour_Information_01" />
                <testcase name="TC05_Check_Validate_Name_Tour_Is_Special_Char" time="0,371" classname="Testcase.Business.Tour.Tab_Tour_Information.CheckValidation_Tour_Information_01" />
                <testcase name="TC18_Check_Validate_SKU_Is_Decimal" time="0,454" classname="Testcase.Business.Tour.Tab_Tour_Information.CheckValidation_Tour_Information_01" />
                <testcase name="TC15_Check_Validate_Name_Tour_Has_Space_Last" time="0,480" classname="Testcase.Business.Tour.Tab_Tour_Information.CheckValidation_Tour_Information_01" />
                <testcase name="TC12_Check_Validate_Name_Tour_Has_256_Char" time="0,844" classname="Testcase.Business.Tour.Tab_Tour_Information.CheckValidation_Tour_Information_01" />
                <testcase name="TC01_Check_Validate_Name_Tour_Is_Number" time="1,579" classname="Testcase.Business.Tour.Tab_Tour_Information.CheckValidation_Tour_Information_01" />
                <testcase name="TC27_Check_Validate_SKU_Has_256_Char" time="0,830" classname="Testcase.Business.Tour.Tab_Tour_Information.CheckValidation_Tour_Information_01" />
                <testcase name="TC14_Check_Validate_Name_Tour_Has_Space_Head" time="0,410" classname="Testcase.Business.Tour.Tab_Tour_Information.CheckValidation_Tour_Information_01" />
                <testcase name="TC21_Check_Validate_SKU_Is_Script" time="0,472" classname="Testcase.Business.Tour.Tab_Tour_Information.CheckValidation_Tour_Information_01" />
                <testcase name="TC26_Check_Validate_SKU_Has_255_Char" time="0,784" classname="Testcase.Business.Tour.Tab_Tour_Information.CheckValidation_Tour_Information_01" />
                <testcase name="TC06_Check_Validate_Name_Tour_Is_Script" time="0,368" classname="Testcase.Business.Tour.Tab_Tour_Information.CheckValidation_Tour_Information_01" />
                <testcase name="TC07_Check_Validate_Name_Tour_Is_Char" time="0,405" classname="Testcase.Business.Tour.Tab_Tour_Information.CheckValidation_Tour_Information_01" />
                <testcase name="TC29_Check_Validate_SKU_Has_Space_Head" time="0,491" classname="Testcase.Business.Tour.Tab_Tour_Information.CheckValidation_Tour_Information_01" />
                <testcase name="TC04_Check_Validate_Name_Tour_Is_Negative" time="0,361" classname="Testcase.Business.Tour.Tab_Tour_Information.CheckValidation_Tour_Information_01" />
                <testcase name="TC19_Check_Validate_SKU_Is_Negative" time="0,474" classname="Testcase.Business.Tour.Tab_Tour_Information.CheckValidation_Tour_Information_01" />
                <testcase name="TC24_Check_Validate_SKU_Has_2_Char" time="0,587" classname="Testcase.Business.Tour.Tab_Tour_Information.CheckValidation_Tour_Information_01" />
                <testcase name="TC20_Check_Validate_SKU_Is_Special_Char" time="0,463" classname="Testcase.Business.Tour.Tab_Tour_Information.CheckValidation_Tour_Information_01" />
                <testcase name="TC25_Check_Validate_SKU_Has_3_Char" time="0,492" classname="Testcase.Business.Tour.Tab_Tour_Information.CheckValidation_Tour_Information_01" />
                <testcase name="TC09_Check_Validate_Name_Tour_Has_4_Char" time="0,474" classname="Testcase.Business.Tour.Tab_Tour_Information.CheckValidation_Tour_Information_01" />
      
</testsuite>
