<?xml version="1.0" encoding="UTF-8"?>
<testsuite name="Test with firefox"
           tests="1"
           failures="1"
           errors="0"
           skipped="0"
           time="2.227">
  <properties />
            <testcase name="TC01_Check_Interface_Of_Item_OnFunctionUsername" time="2.227" classname="testcase.Newsfeed.AccountSetting.Testcase_Function_Update_USERNAME">
                <failure type="java.lang.NullPointerException"
                  message="Cannot invoke &quot;java.lang.CharSequence.length()&quot; because &quot;this.text&quot; is null"
              >
<![CDATA[java.lang.NullPointerException: Cannot invoke "java.lang.CharSequence.length()" because "this.text" is null
  java.base/java.util.regex.Matcher.getTextLength(Matcher.java:1770)
  java.base/java.util.regex.Matcher.reset(Matcher.java:416)
  java.base/java.util.regex.Matcher.<init>(Matcher.java:253)
  java.base/java.util.regex.Pattern.matcher(Pattern.java:1134)
  org.openqa.selenium.support.Color$Converter.getColor(Color.java:126)
  org.openqa.selenium.support.Color.fromString(Color.java:46)
  Common.HelperFunction.AbstractPage.getColorElementWithHexaCode(AbstractPage.java:825)
  Project.Newsfeed.AccountSetting.GeneralAccountSettingPO.checkVerifyButtonSaveChangesOnFormEditUsername(GeneralAccountSettingPO.java:441)
  testcase.Newsfeed.AccountSetting.Testcase_Function_Update_USERNAME.TC01_Check_Interface_Of_Item_OnFunctionUsername(Testcase_Function_Update_USERNAME.java:70)
  java.base/jdk.internal.reflect.NativeMethodAccessorImpl.invoke0(Native Method)
  java.base/jdk.internal.reflect.NativeMethodAccessorImpl.invoke(NativeMethodAccessorImpl.java:64)
  java.base/jdk.internal.reflect.DelegatingMethodAccessorImpl.invoke(DelegatingMethodAccessorImpl.java:43)
  java.base/java.lang.reflect.Method.invoke(Method.java:564)
  org.testng.internal.MethodInvocationHelper.invokeMethod(MethodInvocationHelper.java:86)
  org.testng.internal.Invoker.invokeMethod(Invoker.java:643)
  org.testng.internal.Invoker.invokeTestMethod(Invoker.java:820)
  org.testng.internal.Invoker.invokeTestMethods(Invoker.java:1128)
  org.testng.internal.TestMethodWorker.invokeTestMethods(TestMethodWorker.java:129)
  org.testng.internal.TestMethodWorker.run(TestMethodWorker.java:112)
  org.testng.TestRunner.privateRun(TestRunner.java:782)
  org.testng.TestRunner.run(TestRunner.java:632)
  org.testng.SuiteRunner.runTest(SuiteRunner.java:366)
  org.testng.SuiteRunner.runSequentially(SuiteRunner.java:361)
  org.testng.SuiteRunner.privateRun(SuiteRunner.java:319)
  org.testng.SuiteRunner.run(SuiteRunner.java:268)
  org.testng.SuiteRunnerWorker.runSuite(SuiteRunnerWorker.java:52)
  org.testng.SuiteRunnerWorker.run(SuiteRunnerWorker.java:86)
  org.testng.TestNG.runSuitesSequentially(TestNG.java:1244)
  org.testng.TestNG.runSuitesLocally(TestNG.java:1169)
  org.testng.TestNG.run(TestNG.java:1064)
  com.intellij.rt.testng.IDEARemoteTestNG.run(IDEARemoteTestNG.java:66)
  com.intellij.rt.testng.RemoteTestNGStarter.main(RemoteTestNGStarter.java:109)
]]>
      </failure>

          </testcase>
  
  
  
</testsuite>
